<?xml version="1.0" encoding="UTF-8"?>
<testsuite xmlns:xsi="http://www.w3.org/2001/XMLSchema-instance" xsi:noNamespaceSchemaLocation="https://maven.apache.org/surefire/maven-failsafe-plugin/xsd/failsafe-test-report-3.0.xsd" version="3.0" name="starter.CucumberTestSuite" time="27.285" tests="1" errors="0" skipped="0" failures="0">
  <properties>
[...]
</properties>
  <testcase name="POST - As admin I have be able to create new product" classname="User" time="12.335">
    <system-out><![CDATA[19:41:48.804 [main] DEBUG net.thucydides.core.guice.Injectors - Created injector for module net.thucydides.core.guice.ThucydidesModule
19:41:49.783 [main] INFO io.cucumber.core.plugin.SerenityReporter - Running feature from file:///C:/Users/Lenovo/IdeaProjects/MiniApi/src/test/resources/api/user.feature
19:41:49.783 [main] WARN io.cucumber.core.plugin.SerenityReporter - Feature from file:///C:/Users/Lenovo/IdeaProjects/MiniApi/src/test/resources/api/user.feature is not under the 'features' directory. Requirements report will not be correctly generated!
19:41:50.108 [main] DEBUG net.thucydides.core.guice.Injectors - Created injector for module net.thucydides.core.guice.webdriver.WebDriverModule
19:41:50.138 [main] INFO  - 

-------------------------------------------------------------------------------------
     _______. _______ .______       _______ .__   __.  __  .___________.____    ____ 
    /       ||   ____||   _  \     |   ____||  \ |  | |  | |           |\   \  /   / 
   |   (----`|  |__   |  |_)  |    |  |__   |   \|  | |  | `---|  |----` \   \/   /  
    \   \    |   __|  |      /     |   __|  |  . `  | |  |     |  |       \_    _/   
.----)   |   |  |____ |  |\  \----.|  |____ |  |\   | |  |     |  |         |  |     
|_______/    |_______|| _| `._____||_______||__| \__| |__|     |__|         |__|    
                                                                                     
 News and tutorials at http://www.serenity-bdd.info                                  
 Documentation at https://wakaleo.gitbooks.io/the-serenity-book/content/             
 Join the Serenity Community on Gitter: https://gitter.im/serenity-bdd/serenity-core 
 Serenity BDD Support and Training at http://serenity-bdd.info/#/trainingandsupport  
-------------------------------------------------------------------------------------

19:41:50.143 [main] DEBUG net.thucydides.core.steps.StepEventBus - Test suite started for story net.thucydides.core.model.Story@9d7b62bd
19:41:50.149 [main] INFO  - Test Suite Started: User
19:41:50.173 [main] INFO io.cucumber.core.plugin.SerenityReporter - Running feature from file:///C:/Users/Lenovo/IdeaProjects/MiniApi/src/test/resources/api/user.feature
19:41:50.173 [main] WARN io.cucumber.core.plugin.SerenityReporter - Feature from file:///C:/Users/Lenovo/IdeaProjects/MiniApi/src/test/resources/api/user.feature is not under the 'features' directory. Requirements report will not be correctly generated!
19:41:50.178 [main] DEBUG net.thucydides.core.steps.StepEventBus - Test suite started for story net.thucydides.core.model.Story@9d7b62bd
19:41:50.179 [main] INFO  - Test Suite Started: User

@PostProduct
Scenario: POST - As admin I have be able to create new product  &amp#27;[90m# src/test/resources/api/user.feature:38&amp#27;[0m
19:41:50.355 [main] INFO io.cucumber.core.plugin.SerenityReporter - Running feature from file:///C:/Users/Lenovo/IdeaProjects/MiniApi/src/test/resources/api/user.feature
19:41:50.355 [main] WARN io.cucumber.core.plugin.SerenityReporter - Feature from file:///C:/Users/Lenovo/IdeaProjects/MiniApi/src/test/resources/api/user.feature is not under the 'features' directory. Requirements report will not be correctly generated!
19:41:50.624 [main] INFO  - 
  _____   ___   ___   _____     ___   _____     _     ___   _____   ___   ___  
 |_   _| | __| / __| |_   _|   / __| |_   _|   /_\   | _ \ |_   _| | __| |   \ 
   | |   | _|  \__ \   | |     \__ \   | |    / _ \  |   /   | |   | _|  | |) |
   |_|   |___| |___/   |_|     |___/   |_|   /_/ \_\ |_|_\   |_|   |___| |___/ 

POST - As admin I have be able to create new product(user;post---as-admin-i-have-be-able-to-create-new-product)
--------------------------------------------------------------------------------
19:41:51.695 [main] DEBUG net.thucydides.core.steps.StepInterceptor - STARTING STEP: UserSteps.iSetPOSTApiEndpointsLogin - I set POST api endpoints login
19:41:51.699 [main] DEBUG net.thucydides.core.steps.StepInterceptor - STEP DONE: I set POST api endpoints login
  &amp#27;[32mGiven &amp#27;[0m&amp#27;[32mI set POST api endpoints login&amp#27;[0m                          &amp#27;[90m# starter.stepdefinitions.UserSteps.iSetPOSTApiEndpointsLogin()&amp#27;[0m
19:41:51.719 [main] DEBUG net.thucydides.core.steps.StepInterceptor - STARTING STEP: UserSteps.iSendPOSTHTTPRequestLogin - I send POST HTTP request login
19:41:55.506 [main] DEBUG net.thucydides.core.steps.StepInterceptor - STARTING STEP: PostLogin.iSendPOSTHTTPRequestLogin - I set POST api endpoints login
19:41:55.506 [main] DEBUG net.thucydides.core.steps.StepInterceptor - STEP DONE: I set POST api endpoints login
19:41:56.796 [main] DEBUG org.apache.http.impl.conn.BasicClientConnectionManager - Get connection for route {s}->https://altashop-api.fly.dev:443
19:41:57.501 [main] DEBUG org.apache.http.impl.conn.DefaultClientConnectionOperator - Connecting to altashop-api.fly.dev:443
19:41:59.637 [main] DEBUG org.apache.http.client.protocol.RequestAddCookies - CookieSpec selected: ignoreCookies
19:41:59.640 [main] DEBUG org.apache.http.client.protocol.RequestAuthCache - Auth cache not set in the context
19:41:59.640 [main] DEBUG org.apache.http.client.protocol.RequestTargetAuthentication - Target auth state: UNCHALLENGED
19:41:59.641 [main] DEBUG org.apache.http.client.protocol.RequestProxyAuthentication - Proxy auth state: UNCHALLENGED
19:41:59.642 [main] DEBUG org.apache.http.impl.client.DefaultHttpClient - Attempt 1 to execute request
19:41:59.642 [main] DEBUG org.apache.http.impl.conn.DefaultClientConnection - Sending request: POST /api/auth/login HTTP/1.1
19:41:59.642 [main] DEBUG org.apache.http.wire -  >> "POST /api/auth/login HTTP/1.1[\r][\n]"
19:41:59.644 [main] DEBUG org.apache.http.wire -  >> "Accept: */*[\r][\n]"
19:41:59.644 [main] DEBUG org.apache.http.wire -  >> "Content-Type: application/json[\r][\n]"
19:41:59.644 [main] DEBUG org.apache.http.wire -  >> "Content-Length: 48[\r][\n]"
19:41:59.645 [main] DEBUG org.apache.http.wire -  >> "Host: altashop-api.fly.dev[\r][\n]"
19:41:59.645 [main] DEBUG org.apache.http.wire -  >> "Connection: Keep-Alive[\r][\n]"
19:41:59.645 [main] DEBUG org.apache.http.wire -  >> "User-Agent: Apache-HttpClient/4.5.13 (Java/14.0.2)[\r][\n]"
19:41:59.645 [main] DEBUG org.apache.http.wire -  >> "Accept-Encoding: gzip,deflate[\r][\n]"
19:41:59.645 [main] DEBUG org.apache.http.wire -  >> "[\r][\n]"
19:41:59.645 [main] DEBUG org.apache.http.headers - >> POST /api/auth/login HTTP/1.1
19:41:59.645 [main] DEBUG org.apache.http.headers - >> Accept: */*
19:41:59.646 [main] DEBUG org.apache.http.headers - >> Content-Type: application/json
19:41:59.646 [main] DEBUG org.apache.http.headers - >> Content-Length: 48
19:41:59.646 [main] DEBUG org.apache.http.headers - >> Host: altashop-api.fly.dev
19:41:59.646 [main] DEBUG org.apache.http.headers - >> Connection: Keep-Alive
19:41:59.646 [main] DEBUG org.apache.http.headers - >> User-Agent: Apache-HttpClient/4.5.13 (Java/14.0.2)
19:41:59.646 [main] DEBUG org.apache.http.headers - >> Accept-Encoding: gzip,deflate
19:41:59.647 [main] DEBUG org.apache.http.wire -  >> "{"password":"123123","email":"someone@mail.com"}"
19:41:59.707 [main] DEBUG org.apache.http.wire -  << "HTTP/1.1 200 OK[\r][\n]"
19:41:59.711 [main] DEBUG org.apache.http.wire -  << "content-type: application/json[\r][\n]"
19:41:59.711 [main] DEBUG org.apache.http.wire -  << "date: Wed, 03 May 2023 12:50:41 GMT[\r][\n]"
19:41:59.712 [main] DEBUG org.apache.http.wire -  << "content-encoding: gzip[\r][\n]"
19:41:59.712 [main] DEBUG org.apache.http.wire -  << "transfer-encoding: chunked[\r][\n]"
19:41:59.712 [main] DEBUG org.apache.http.wire -  << "server: Fly/199ec4d3 (2023-04-25)[\r][\n]"
19:41:59.712 [main] DEBUG org.apache.http.wire -  << "via: 1.1 fly.io[\r][\n]"
19:41:59.712 [main] DEBUG org.apache.http.wire -  << "fly-request-id: 01GZGTMDMBZSM0ZKCBJ0BS40JN-sin[\r][\n]"
19:41:59.712 [main] DEBUG org.apache.http.wire -  << "[\r][\n]"
19:41:59.714 [main] DEBUG org.apache.http.impl.conn.DefaultClientConnection - Receiving response: HTTP/1.1 200 OK
19:41:59.715 [main] DEBUG org.apache.http.headers - << HTTP/1.1 200 OK
19:41:59.715 [main] DEBUG org.apache.http.headers - << content-type: application/json
19:41:59.715 [main] DEBUG org.apache.http.headers - << date: Wed, 03 May 2023 12:50:41 GMT
19:41:59.715 [main] DEBUG org.apache.http.headers - << content-encoding: gzip
19:41:59.715 [main] DEBUG org.apache.http.headers - << transfer-encoding: chunked
19:41:59.716 [main] DEBUG org.apache.http.headers - << server: Fly/199ec4d3 (2023-04-25)
19:41:59.716 [main] DEBUG org.apache.http.headers - << via: 1.1 fly.io
19:41:59.716 [main] DEBUG org.apache.http.headers - << fly-request-id: 01GZGTMDMBZSM0ZKCBJ0BS40JN-sin
19:41:59.736 [main] DEBUG org.apache.http.impl.client.DefaultHttpClient - Connection can be kept alive indefinitely
19:41:59.753 [main] DEBUG io.restassured.internal.RestAssuredHttpBuilder - Parsing response as: application/json
19:41:59.756 [main] DEBUG org.apache.http.wire -  << "B1[\r][\n]"
19:41:59.757 [main] DEBUG org.apache.http.wire -  << "[0x1f][0x8b][0x8][0x0][0x0][0x0][0x0][0x0][0x4][0xff][0xab]VJI,IT[0xb2]RJ[0xad][0xf4][0xca]HrO[0xce][0xf4][0xcf][0xf4][0xf2][0xc][0xad][0xf2]4[0xf4][0xcb][0xf4],[0xf6][0xcc][0xb]2Mv[0xf6]4[0xf3][0xcc].[0x88][0x8]s[0xf6][0xb2][0xd4]K[0xad][0xf4]rO[0x9][0xaf](N[0xca]u+[0x89][\n]"
19:41:59.757 [main] DEBUG org.apache.http.wire -  << "[0x6]ID[0x15]$[0xe7][0xf9][0x19]@[0xf8]N[0xbe][0x91][0x11]0[0xb6]g[0xb1]gvXIdxN[0xb1]gV~f[0xb2][0x91]eIT[0xb8]eiT[0xa8][0x13]X[0xcc]'[0xd7][0xaf],)[0xd8][0xcb]R/[0xc9][0xbd] [0xca][0xcf]%[0xdd],[0xd2][0xa3][0xc4];'[0xc4][0xad][0xdc]<[0xbe][0xb2][0xb4]2[0xcf]8[0xd8][0xd1][0xd3]97[0xad],[0xc5]3[0xcc][0xb0]2[0xc2]<[0xd7][0xd3][0xbb]([0xa4]\[0xa9][0x96][0xb][0x0]H[0xcf][0xad]/[0xad][0x0][0x0][0x0]"
19:41:59.758 [main] DEBUG org.apache.http.wire -  << "[\r][\n]"
19:41:59.758 [main] DEBUG org.apache.http.wire -  << "0[\r][\n]"
19:41:59.758 [main] DEBUG org.apache.http.wire -  << "[\r][\n]"
19:41:59.759 [main] DEBUG io.restassured.internal.RestAssuredHttpBuilder - Parsed data to instance of: class org.apache.http.conn.EofSensorInputStream
19:41:59.920 [main] DEBUG org.apache.http.impl.conn.BasicClientConnectionManager - Releasing connection org.apache.http.impl.conn.ManagedClientConnectionImpl@5dd3727c
19:41:59.921 [main] DEBUG org.apache.http.impl.conn.BasicClientConnectionManager - Connection can be kept alive indefinitely
19:42:01.115 [main] DEBUG net.thucydides.core.steps.StepInterceptor - STEP DONE: I send POST HTTP request login
  &amp#27;[32mWhen &amp#27;[0m&amp#27;[32mI send POST HTTP request login&amp#27;[0m                           &amp#27;[90m# starter.stepdefinitions.UserSteps.iSendPOSTHTTPRequestLogin()&amp#27;[0m
19:42:01.126 [main] DEBUG net.thucydides.core.steps.StepInterceptor - STARTING STEP: UserSteps.iSetPOSTApiEndpointsProduct - I set POST api endpoints product
19:42:01.127 [main] DEBUG net.thucydides.core.steps.StepInterceptor - STEP DONE: I set POST api endpoints product
  &amp#27;[32mAnd &amp#27;[0m&amp#27;[32mI set POST api endpoints product&amp#27;[0m                          &amp#27;[90m# starter.stepdefinitions.UserSteps.iSetPOSTApiEndpointsProduct()&amp#27;[0m
19:42:01.136 [main] DEBUG net.thucydides.core.steps.StepInterceptor - STARTING STEP: UserSteps.iSendPOSTHTTPRequestpostproduct - I send POST HTTP request product
19:42:01.142 [main] DEBUG net.thucydides.core.steps.StepInterceptor - STARTING STEP: PostProduct.iSendPOSTHTTPRequestpostproduct - I set POST api endpoints product
19:42:01.143 [main] DEBUG net.thucydides.core.steps.StepInterceptor - STEP DONE: I set POST api endpoints product
19:42:01.193 [main] DEBUG org.apache.http.impl.conn.BasicClientConnectionManager - Get connection for route {s}->https://altashop-api.fly.dev:443
19:42:01.193 [main] DEBUG org.apache.http.impl.conn.DefaultClientConnectionOperator - Connecting to altashop-api.fly.dev:443
19:42:01.312 [main] DEBUG org.apache.http.client.protocol.RequestAddCookies - CookieSpec selected: ignoreCookies
19:42:01.312 [main] DEBUG org.apache.http.client.protocol.RequestAuthCache - Auth cache not set in the context
19:42:01.312 [main] DEBUG org.apache.http.client.protocol.RequestTargetAuthentication - Target auth state: UNCHALLENGED
19:42:01.312 [main] DEBUG org.apache.http.client.protocol.RequestProxyAuthentication - Proxy auth state: UNCHALLENGED
19:42:01.312 [main] DEBUG org.apache.http.impl.client.DefaultHttpClient - Attempt 1 to execute request
19:42:01.312 [main] DEBUG org.apache.http.impl.conn.DefaultClientConnection - Sending request: POST /api/products HTTP/1.1
19:42:01.313 [main] DEBUG org.apache.http.wire -  >> "POST /api/products HTTP/1.1[\r][\n]"
19:42:01.313 [main] DEBUG org.apache.http.wire -  >> "Accept: */*[\r][\n]"
19:42:01.313 [main] DEBUG org.apache.http.wire -  >> "Content-Type: application/json[\r][\n]"
19:42:01.313 [main] DEBUG org.apache.http.wire -  >> "Content-Length: 83[\r][\n]"
19:42:01.313 [main] DEBUG org.apache.http.wire -  >> "Host: altashop-api.fly.dev[\r][\n]"
19:42:01.313 [main] DEBUG org.apache.http.wire -  >> "Connection: Keep-Alive[\r][\n]"
19:42:01.313 [main] DEBUG org.apache.http.wire -  >> "User-Agent: Apache-HttpClient/4.5.13 (Java/14.0.2)[\r][\n]"
19:42:01.313 [main] DEBUG org.apache.http.wire -  >> "Accept-Encoding: gzip,deflate[\r][\n]"
19:42:01.313 [main] DEBUG org.apache.http.wire -  >> "[\r][\n]"
19:42:01.313 [main] DEBUG org.apache.http.headers - >> POST /api/products HTTP/1.1
19:42:01.314 [main] DEBUG org.apache.http.headers - >> Accept: */*
19:42:01.314 [main] DEBUG org.apache.http.headers - >> Content-Type: application/json
19:42:01.314 [main] DEBUG org.apache.http.headers - >> Content-Length: 83
19:42:01.314 [main] DEBUG org.apache.http.headers - >> Host: altashop-api.fly.dev
19:42:01.314 [main] DEBUG org.apache.http.headers - >> Connection: Keep-Alive
19:42:01.314 [main] DEBUG org.apache.http.headers - >> User-Agent: Apache-HttpClient/4.5.13 (Java/14.0.2)
19:42:01.314 [main] DEBUG org.apache.http.headers - >> Accept-Encoding: gzip,deflate
19:42:01.314 [main] DEBUG org.apache.http.wire -  >> "{"price":299,"name":"Sony PS5","description":"play has no limits","categories":[1]}"
19:42:01.353 [main] DEBUG org.apache.http.wire -  << "HTTP/1.1 200 OK[\r][\n]"
19:42:01.353 [main] DEBUG org.apache.http.wire -  << "content-type: application/json[\r][\n]"
19:42:01.353 [main] DEBUG org.apache.http.wire -  << "date: Wed, 03 May 2023 12:50:43 GMT[\r][\n]"
19:42:01.353 [main] DEBUG org.apache.http.wire -  << "content-encoding: gzip[\r][\n]"
19:42:01.354 [main] DEBUG org.apache.http.wire -  << "transfer-encoding: chunked[\r][\n]"
19:42:01.354 [main] DEBUG org.apache.http.wire -  << "server: Fly/199ec4d3 (2023-04-25)[\r][\n]"
19:42:01.354 [main] DEBUG org.apache.http.wire -  << "via: 1.1 fly.io[\r][\n]"
19:42:01.354 [main] DEBUG org.apache.http.wire -  << "fly-request-id: 01GZGTMF8FDZPTWW9X4CQP1JD2-sin[\r][\n]"
19:42:01.354 [main] DEBUG org.apache.http.wire -  << "[\r][\n]"
19:42:01.354 [main] DEBUG org.apache.http.impl.conn.DefaultClientConnection - Receiving response: HTTP/1.1 200 OK
19:42:01.354 [main] DEBUG org.apache.http.headers - << HTTP/1.1 200 OK
19:42:01.354 [main] DEBUG org.apache.http.headers - << content-type: application/json
19:42:01.354 [main] DEBUG org.apache.http.headers - << date: Wed, 03 May 2023 12:50:43 GMT
19:42:01.354 [main] DEBUG org.apache.http.headers - << content-encoding: gzip
19:42:01.355 [main] DEBUG org.apache.http.headers - << transfer-encoding: chunked
19:42:01.355 [main] DEBUG org.apache.http.headers - << server: Fly/199ec4d3 (2023-04-25)
19:42:01.355 [main] DEBUG org.apache.http.headers - << via: 1.1 fly.io
19:42:01.355 [main] DEBUG org.apache.http.headers - << fly-request-id: 01GZGTMF8FDZPTWW9X4CQP1JD2-sin
19:42:01.355 [main] DEBUG org.apache.http.impl.client.DefaultHttpClient - Connection can be kept alive indefinitely
19:42:01.355 [main] DEBUG io.restassured.internal.RestAssuredHttpBuilder - Parsing response as: application/json
19:42:01.355 [main] DEBUG org.apache.http.wire -  << "87[\r][\n]"
19:42:01.356 [main] DEBUG org.apache.http.wire -  << "[0x1f][0x8b][0x8][0x0][0x0][0x0][0x0][0x0][0x4][0xff][0xab]VJI,IT[0xb2][0xaa]V[0xf2]tQ[0xb2]24[0xb2]0[0xb4][0xd4]Q[0xf2]K[0xcc]MU[0xb2]R[\n]"
19:42:01.356 [main] DEBUG org.apache.http.wire -  << "[0xce][0xcf][0xab]T[0x8][0x8]6U[0xd2]QrI-N.[0xca],([0xc9][0xcc][0xcf]S[0xb2]R*[0xc8]I[0xac]T[0xc8]H,V[0xc8][0xcb]W[0xc8][0xc9][0xcc][0xcd],)V[0xd2]Q[\n]"
19:42:01.356 [main] DEBUG org.apache.http.wire -  << "([0xca]LNU[0xb2]2[0xb2][0xb4][0xd4]Q[\n]"
19:42:01.356 [main] DEBUG org.apache.http.wire -  << "J,[0xc9][0xcc]K/V[0xb2]2[0xd0]QrN,IM[0xcf]/[0xca]L-V[0xb2][0x8a][0x8e][0xad][0xad][0xe5][0x2][0x0]=}[0xd9][0xfd]s[0x0][0x0][0x0]"
19:42:01.356 [main] DEBUG org.apache.http.wire -  << "[\r][\n]"
19:42:01.356 [main] DEBUG org.apache.http.wire -  << "0[\r][\n]"
19:42:01.356 [main] DEBUG org.apache.http.wire -  << "[\r][\n]"
19:42:01.356 [main] DEBUG io.restassured.internal.RestAssuredHttpBuilder - Parsed data to instance of: class org.apache.http.conn.EofSensorInputStream
19:42:01.359 [main] DEBUG org.apache.http.impl.conn.BasicClientConnectionManager - Releasing connection org.apache.http.impl.conn.ManagedClientConnectionImpl@2cd52eda
19:42:01.359 [main] DEBUG org.apache.http.impl.conn.BasicClientConnectionManager - Connection can be kept alive indefinitely
19:42:01.361 [main] DEBUG net.thucydides.core.steps.StepInterceptor - STEP DONE: I send POST HTTP request product
  &amp#27;[32mAnd &amp#27;[0m&amp#27;[32mI send POST HTTP request post product&amp#27;[0m                     &amp#27;[90m# starter.stepdefinitions.UserSteps.iSendPOSTHTTPRequestpostproduct()&amp#27;[0m
19:42:01.368 [main] DEBUG net.thucydides.core.steps.StepInterceptor - STARTING STEP: UserSteps.iReceive1ValidLoginAndProductHTTPResponseCode - I receive valid login and product HTTP response code 200
19:42:01.371 [main] DEBUG net.thucydides.core.steps.StepInterceptor - STARTING STEP: PostProduct.iReceive1ValidLoginAndProductHTTPResponseCode - I set POST api endpoints product
19:42:01.372 [main] DEBUG net.thucydides.core.steps.StepInterceptor - STEP DONE: I set POST api endpoints product
19:42:01.414 [main] DEBUG org.apache.http.impl.conn.BasicClientConnectionManager - Get connection for route {s}->https://altashop-api.fly.dev:443
19:42:01.414 [main] DEBUG org.apache.http.impl.conn.DefaultClientConnectionOperator - Connecting to altashop-api.fly.dev:443
19:42:01.591 [main] DEBUG org.apache.http.client.protocol.RequestAddCookies - CookieSpec selected: ignoreCookies
19:42:01.591 [main] DEBUG org.apache.http.client.protocol.RequestAuthCache - Auth cache not set in the context
19:42:01.591 [main] DEBUG org.apache.http.client.protocol.RequestProxyAuthentication - Proxy auth state: UNCHALLENGED
19:42:01.591 [main] DEBUG org.apache.http.impl.client.DefaultHttpClient - Attempt 1 to execute request
19:42:01.591 [main] DEBUG org.apache.http.impl.conn.DefaultClientConnection - Sending request: GET /api/products HTTP/1.1
19:42:01.591 [main] DEBUG org.apache.http.wire -  >> "GET /api/products HTTP/1.1[\r][\n]"
19:42:01.591 [main] DEBUG org.apache.http.wire -  >> "Authorization: Bearer [\r][\n]"
19:42:01.591 [main] DEBUG org.apache.http.wire -  >> "Accept: */*[\r][\n]"
19:42:01.591 [main] DEBUG org.apache.http.wire -  >> "Host: altashop-api.fly.dev[\r][\n]"
19:42:01.591 [main] DEBUG org.apache.http.wire -  >> "Connection: Keep-Alive[\r][\n]"
19:42:01.592 [main] DEBUG org.apache.http.wire -  >> "User-Agent: Apache-HttpClient/4.5.13 (Java/14.0.2)[\r][\n]"
19:42:01.592 [main] DEBUG org.apache.http.wire -  >> "Accept-Encoding: gzip,deflate[\r][\n]"
19:42:01.592 [main] DEBUG org.apache.http.wire -  >> "[\r][\n]"
19:42:01.592 [main] DEBUG org.apache.http.headers - >> GET /api/products HTTP/1.1
19:42:01.593 [main] DEBUG org.apache.http.headers - >> Authorization: Bearer 
19:42:01.593 [main] DEBUG org.apache.http.headers - >> Accept: */*
19:42:01.593 [main] DEBUG org.apache.http.headers - >> Host: altashop-api.fly.dev
19:42:01.593 [main] DEBUG org.apache.http.headers - >> Connection: Keep-Alive
19:42:01.593 [main] DEBUG org.apache.http.headers - >> User-Agent: Apache-HttpClient/4.5.13 (Java/14.0.2)
19:42:01.593 [main] DEBUG org.apache.http.headers - >> Accept-Encoding: gzip,deflate
19:42:02.092 [main] DEBUG org.apache.http.wire -  << "HTTP/1.1 200 OK[\r][\n]"
19:42:02.092 [main] DEBUG org.apache.http.wire -  << "content-type: application/json[\r][\n]"
19:42:02.092 [main] DEBUG org.apache.http.wire -  << "date: Wed, 03 May 2023 12:50:43 GMT[\r][\n]"
19:42:02.092 [main] DEBUG org.apache.http.wire -  << "transfer-encoding: chunked[\r][\n]"
19:42:02.093 [main] DEBUG org.apache.http.wire -  << "content-encoding: gzip[\r][\n]"
19:42:02.093 [main] DEBUG org.apache.http.wire -  << "server: Fly/199ec4d3 (2023-04-25)[\r][\n]"
19:42:02.093 [main] DEBUG org.apache.http.wire -  << "via: 1.1 fly.io[\r][\n]"
19:42:02.093 [main] DEBUG org.apache.http.wire -  << "fly-request-id: 01GZGTMFH7S5JFE3GDDT847R48-sin[\r][\n]"
19:42:02.093 [main] DEBUG org.apache.http.wire -  << "[\r][\n]"
19:42:02.094 [main] DEBUG org.apache.http.impl.conn.DefaultClientConnection - Receiving response: HTTP/1.1 200 OK
19:42:02.094 [main] DEBUG org.apache.http.headers - << HTTP/1.1 200 OK
19:42:02.094 [main] DEBUG org.apache.http.headers - << content-type: application/json
19:42:02.094 [main] DEBUG org.apache.http.headers - << date: Wed, 03 May 2023 12:50:43 GMT
19:42:02.094 [main] DEBUG org.apache.http.headers - << transfer-encoding: chunked
19:42:02.096 [main] DEBUG org.apache.http.headers - << content-encoding: gzip
19:42:02.096 [main] DEBUG org.apache.http.headers - << server: Fly/199ec4d3 (2023-04-25)
19:42:02.097 [main] DEBUG org.apache.http.headers - << via: 1.1 fly.io
19:42:02.097 [main] DEBUG org.apache.http.headers - << fly-request-id: 01GZGTMFH7S5JFE3GDDT847R48-sin
19:42:02.098 [main] DEBUG org.apache.http.impl.client.DefaultHttpClient - Connection can be kept alive indefinitely
19:42:02.098 [main] DEBUG io.restassured.internal.RestAssuredHttpBuilder - Parsing response as: application/json
19:42:02.099 [main] DEBUG org.apache.http.wire -  << "C0[\r][\n]"
19:42:02.099 [main] DEBUG org.apache.http.wire -  << "[0x1f][0x8b][0x8][0x0][0x0][0x0][0x0][0x0][0x4][0xff][0xaa]VJI,IT[0xb2][0x8a][0xae]V[0xf2]tQ[0xb2]24464[0xd0]Q[0xf2]K[0xcc]MU[0xb2]Rr+-[0xca][0xcb],)-JU[0x8][0xc9]/P[0xd2]QrI-N.[0xca],([0xc9][0xcc][0xcf]C[0x91]MI,[0xca]T[0xf0]J-H,JT[0xd2]Q[\n]"
19:42:02.099 [main] DEBUG org.apache.http.wire -  << "([0xca]LNU[0xb2]24[0xb1][0xd4]Q[\n]"
19:42:02.099 [main] DEBUG org.apache.http.wire -  << "J,[0xc9][0xcc]K/V[0xb2]2[0xd2]QrN,IM[0xcf]/[0xca]L-V[0xb2][0x8a][0x8e][0xad][0xd5]A[0xd8]hLw[0x1b]Mha[0xa3][0x1]>?[0x9a][0xd2][0xc2]F[0x13]|6[0x9a][0xd3][0xc2]F[0xbc][0xf1]hA[0xb][0x1b][0x8d][0xf1][0xf8][0xd1][0x88]&i[0xd5][0x14][0x9f][0x8d][0x86][0xb4][0xf0]#[0xbe][0x94]cdD[0xb][0x1b][0xf1][0xa5][0x1c]#[0x9a][0xe4]G[0xbc]6[0xd2]&?[0x2][0x0][0x0][0x0][0xff][0xff]"
19:42:02.100 [main] DEBUG org.apache.http.wire -  << "[\r][\n]"
19:42:02.100 [main] DEBUG org.apache.http.wire -  << "1DD[\r][\n]"
19:42:02.101 [main] DEBUG org.apache.http.wire -  << "[0xc2][0x17][0x8f]4[0xc9][0x8f]xm4[0xa3]E<[0xe2][0xb5][0x91]&%[0x0][0xde]x[0xa4]I[0x9][0x80][0xd7][0x8f][0x96][0xf4][0xe]Uc[0x9a][0x94]9[0xf8][0xfc]hL[0xf7]2[0xc7][0x98]&e[0xe]^?[0xd2][0xa4][0xcc][0xc1]k#[0xdd][0xcb][0x1c]c[0xba][0x97]9[0xc6]t/s[0x8c]iR[0xe6][0xe0][0x8d]G[0xba][0x97]9[0xc6]t/sL[0xe8]^[0xe6][0x98][0xd0][0xbd][0xcc]1[0xa1]{[0x9]`B[0xf7][0x12][0xc0][0x84][0xee]%[0x80][0x9][0xdd]K[0x0][0x13][0xba][0x97][0x0]&t/[0x1]@][[0xea][0xf7][0x91][0xf1][0x95]r[0xa6]4)[0x1][0xf0][0xb5][0xe5]L[0xe9]^[0x2][0x98]"rGp~^[0xa5]B@[0xb0])[0xc6][0xa0]CANb[0xa5]BFb[0xb1]B^[0xbe]BNfnfI1b[0xc4][0xc1][0xc8][0x12]y[0xc4][0x1]oh"r[0x5][0xad]mB[0xe4][0x6]Z[0xdb][0x84][0xc8][0x5][0xb4][0xb6][0x9]Q[0xff][0xd1][0xd8]&3D[0xaa][0xa7][0xb5]M[0x88][0xd4]Nk[0x9b][0x10]mkZ[0xdb][0x84][0xa8]Qim[0x13][0xa2]&[0xa5][0xb5]Mt[0xcb][0xb9]ft[0xcb][0xb9]fH971[0xb7][0xb8]4/][0xc1]=1'[0xb1][0xa2]R[0xc1][0xd1][0xd8][0x80]F%[0xa0][0x19]R[0x1e][0xa6][0x97][0x9d][0xe6]H[0xb9][0x99][0x9a]v[0xe2][0x1b][0x93]4G[0xca][0xd7][0xd4][0xb4][0x13]_[0xed]bN[0xb7][0x1c]nN[0xb7][0x1c]nN[0xb7]|gN[0xb7]|g[0x8e][0x94][0xef]h[0xdb][0xde]0G[0xca]m[0xb4][0xb5][0xc9][0x2])[0x8f][0xd1][0xd8]&[0xa4][0x9c]Ec[0x9b][0xe8][0x96][0x9f],[0xe8][0x96][0x9f],[0xe8]VcZ[0xd0][0xad]UmA[0xb7]2[0xc2][0x2]QF8V&[0xe6]*[0xb8][0xa7][0x16][0x14][0xa5]fcT[0x95]Hr[\n]"
19:42:02.101 [main] DEBUG org.apache.http.wire -  << ")[0x89]y[\n]"
19:42:02.101 [main] DEBUG org.apache.http.wire -  << "~[0x89][0xc5][0x99]H[0xdd][0x5]S[0x3][0x3][0x3][0xa4])J|[0xd3]>[0x16]t+*,[0xe8]VTX[0xd2][0xad][0xa8][0xb0][0xa4][QaI[0xb7][0xa2][0xc2][0x92]nE[0x85]%[0xdd][0x8a][\n]"
19:42:02.102 [main] DEBUG org.apache.http.wire -  << "K[0xba][0x15][0x15][0x96][0x88][0xc]L[0xe3][0xe][0x83]%[0xdd]r.h[0xf4][0x1]:(D[?[0x99][0x80][0x8a]-:[0xd9]D[0xaf]Tnb@[0xaf]r[0xcf][0x4]i[0x81][0xb][0x8d][0xe3][0xc9][0x90]^[0xe5][0x9e][0x89]![0xbd][0xca]=[0x13]C[0xba][0xa5][0x8]C[0x8a][0xcb]=[0x0][0x0][0x0][0x0][0xff][0xff]"
19:42:02.102 [main] DEBUG org.apache.http.wire -  << "[\r][\n]"
19:42:02.103 [main] DEBUG org.apache.http.wire -  << "5AE[\r][\n]"
19:42:02.104 [main] DEBUG org.apache.http.wire -  << ""r8[0xd0][0xc4][0x90]^[0xe5][0x9e][0x89]![0xbd][0x9a]H&[0x86][0xf4]*[0xf7]L[0x8c][0xe8][0x96][0xca][0x91][0x96][0xc2][0xd0]8[0xe7]"-[0x81][0x81][0xda]d[0x88][0xd1][0xba][0xa4][0xca]P[0xb4][0x89][0x11]F*[0xa7][0x99]M[0x18][0xa9][0x9c]F[0x83]K&F[0x18][0xa9][0x1c][0xd3]&D;[0x1c][0xb9][\r][0x8e]gX[0xc5][0xc4][0x8][0xa3][0xcd]`[0x89][0x11]'d[0x98][0x8a][0x91]Oh[0x16][0xfe]t[0xab][0xe1][0x90][0x16][0x8c]@S/[0x8d]&RL[0x90][0x16][0x8a][0xd0][0xda]&[0x8c]|B3?![0xf2]IIj[0x11][0xa8][0xc3][0x88][0xba][0xee]5)1#1O[0xa1]817)1[0x7][0x91][0xde][0xc]A[0x8d]2[0xf8]rW|[0xe9][0x18]iQ[0x86]k^~Qn~i[0xb1][0x82]s~II~[0x9e]BxbNNj[0x9]F[0xaa][0xe][0xce][0xcc][0xcd][0xcc][0xc9],,MUH-Q(,[0xcd],V[0xc8]IL[0xca]/[0xca][0xcc]/N[0xcc][0xd5]#[0xcb][0x9][0x18]Y[0xc9][0x1c][0xc3]R[0x84][0xb9][0xc4]fPc[0x8c][0xac]D[0xb3](Bd%[0x8f][0xd4][0xc4][0xb2]J[0x5][0x97][0xd2][0x92]J[0x5][0xdf][0xc4][0xa2][0xa4][0x9c]T[0x5][0xe7][0xfc]D[0xcc] [0xc],M,V[0xc8],(N[0xcc]U([0xcb][0xcf])-(I,V[0xc8]OK[0xcb]L[0xce]LTH[0xc9]L.IT[0xc8],-.[0xc9]'+4[0x91]Vg[0xd0]8[0x13] [0xad][0xca][0x80][0xda][0x84][0x19]o[0xd4][0xa9][0x96]L[0x10][\r]J[0xe7][0xfc][0xa4]D[0x85][0x94][0xd2][0x9c]R[0x8c]$[0x92][0x99][0x97][0xa9][0x90][0x91][0x98]W[0x99][0xa8]P[0x90]Z[0x94][0x9c][0x9f][0x94][0x98][0x98][0xa7]P[0x90]_[0xc][\n]"
19:42:02.105 [main] DEBUG org.apache.http.wire -  << "}[0xe8]"pSKK[0xa2][aH[0xcb]1[0xa0][0x9e][0xa3]U[0xf2]AZ[0x86]Ak[0x9b][0x10]5anj^2h[0x9d]|rf^I[0xa2]BqjVb[0x9][0x96][0xb2]%[0xb5](71/-1[0xb1]D[0xa1]4[0xaf][0xa4]4[[0x1][0xb4][0xa6]^!+?7)'[0x9f][0xf4][0xc][0x89][0xb4][0x14][0x83][0xd6][0xfe][0xa4][[0xd6]GZz[0x81][0x94][0xf5][0xdd][0x8b][0x12][0xf3]2K@y?[0xb7][0xa0][0xb4]$[0xb5][0x8]#[0xa9]:[0x97][0xe6]*[0x94][0xa4][0xe6][0x16][0xe4][0x17]%[0x82]K[0xd0][0xc2][0xd2][0xc4]\[0x85][0xe4][0xfc][0xdc][0xdc][0xfc][0x94]L[0x85][0x94][0xfc][0x9c][0xfc][0xa2]R[0xf2][0x8a]R[0xa4][0x85][0x19]4[0xe]c[0xa4][0x5][0x19]T[0xb0][0x9][0xcf][0xa4][0x99][0x89])"[0xf3]S[0xc1]&|u[0xa1])Ro271'G[0x1][0x16][0x91][0xee]9[0xf9]e[0xa9][0xa0][0xb5][0x1d][0xa8]u[0xaf]n^f1([0x2][0xa1][0x91][0x9][0xae][0x11]S[0xf3]2s[0x15]r2[0x93]R[0x8b][0x90][0xcb]o[0xd0]:][0xa2][0xea]cSD[0xcb]b[0x0][0xf2]([0xd2][0xa2][0x97][0x81][0xb0][0x1d]Q>[0x5]C[0xa7]G[0x83][0x8d][0x8c][0x15]BsJ[0xc0][yP[0x3][0x1f]2)[0x8d]([0x86][0xc][0xcd]@[0x83]6[0xc4][0x85]1R[0x83][0x83][0xa6][0xf6][0xd0][0xad][0x1c]BZ[0x9a]B[0xaf][\n]"
19:42:02.106 [main] DEBUG org.apache.http.wire -  << "[0xd2][0xc][0xd1][0xd1]vI-*[0xaa]TH[0xca],[0x6]m[0xb8]B[0x8d]%[0x88]TAbqI&L[0x1][0xb4]26[0xb3][0x4][0xcd][0xfa][0x13][0x15]_f[0x88][0x12][0xa0]$[0xb5]8[0x5][0xb3]<[0x5][0x8b]B[0xed]'[0xc3]xD[0xb6][0x7][0x1b][0x84][0xc7]|[0x90][0x7][0xc9][0xb0][0x0][0x91][0xa7][0xe9][0x16];[0x88]n[0x3][0x8d][0xb]M3D[0xa6][0x5][0x87][0x1e]f[0x87][0x15],[0xc][0x8a][0x1d][0x90][0x14][0x19][0xa1][0x87][0x94][i:[0xb5]k[0x82][0xb4][0xf4][0x5][0xec]f#[0x8c][0x8a][0x1b],[0xc][0xf2][\n]"
19:42:02.107 [main] DEBUG org.apache.http.wire -  << "H[0x8a]t[0xaf] [0xad]9[0x1][0x9b][0x4]2[0x5]5[0xbf][0x80][0x85])[0xb0][0x0][0x91])[0xc1]&Q[0xdf][0x2][0xb4][0xac]H}[0xb][0x10][0x99]1=3'1/[0x1d]w[0x1c][0x90][0x97][0x9c][0xcc][0x11][0x99][0x91]F[0x16] [0xb2][0x1e][0x8d][0xe2][0x0][0x91][0xe3][0xa8][0x90][0xb7][0xf1]L4[0x9b][0xa0][0xaf]~)03[0xc3][0x88][0x8e][0x82]RP[0x97]+[0xaf][0x14]4[0xe1][\r][0xcd][0x11][0x96]([0xa3][0xf][0x86][0xb8]7[0xbe][0x99] -z[0xa1]QX![0xfa][0xe6][0x9e][0x5][0x19][0xf9]y[0xa9][\n]"
19:42:02.107 [main] DEBUG org.apache.http.wire -  << "[0x11][0x18]>HT[0xc8]K-WHM[0xc9][0x4]o%Fl[0x19]62[0x0][0x3][0xa4]Iy|[0x8d]G[0xa4][0xb5].[0xb4][0xb6][0x9][0x91][0xc9][0xc9][0x8a]bGP[0x90][0xd6]jP[0xc1]GxVw[0x9b] [0xad][0xd5][0x80]$[0x3][0xaa][0x17]+Hk4he[0x3]"[0xa5][0xd1][0xc8][0x6][0xa4]%[0x12][0xb4][0xb2][0x1][0x91][0xb2]he[0x3]z[0xfd]A[0xf5][0x98]FZ[\n]"
19:42:02.108 [main] DEBUG org.apache.http.wire -  << "A+? j[0x10]Z[0xd9][0x80]^[0x85]P?[0x94][0x10]u[0x8][0xad][0xfc]@[0xb7]f[0x1b][0xdd][0x16]U[0x98][0x80]F[0xf][0xa1]K[0x1d]h[0x13]j[0xa6][0xa0][0x9a][0x93][0xc6]6[0xd0]:[0x8f][0x9b][0x1a][0xd0]:[0x8f][0x9b][0x1a] [0x1a][0x89][0xb4][0x8a][0x7]Z[0xe7]qS[0x3]Z[0xe7]qS[0x3]Z[0xe7]qS[0x3]D[0x1e][0xa7][0xff]p[0x91])h[0xbc][0x87][0xb6]y[0x5]iq[0xe][0x8d][0xd2][0x19][0xd2][0xa2][0x1c][0x9a][0xf4]FL[0x91][0xd6][0xe2][0xd0][0xca][0xb]4[0xcf][0x8c]Hkoh[0xe5][0x7][0x9a]gF[0xa4][0xb5]6[0xb4][0xf2][0x3]"3[0xd2][0xca][0x6][0xc4]x&[0x8d]l@:B[0x87]V6[0xd0][0xbc][0xfa]CZ[0x17]D+?[0xd0]<[0xc7]![0xad][0x3][0xa2][0x95][0x1f]h[0x9e][0xe3][0x90][0xd6][0xfd][0xd0][0xca][0xf]4[0xcf]qF[0xb4][0xcf]q[0xb4][0xee][0xb6][0x9a][0x82][0xa6][0xbe]h[M#[0xad]0[0xa2]QL#[0xad],[0xa2][0x95][\r]T[0xc9][0xd3]x[0x8e]'35[0xa6]y[0x93][0x16][0xe9]H[0x19]Z[0x85][0x12][0xcd][0x9b][0xb4]HG[0xc6][0xd0][0xca][0xf]4[0xcf][0xd3]HG[0xc2][0xb8][0x16]+[0x84][0xa4]f([0xf8]&[0xe6]eb[0xce]_[0xa3]IBGo[0xd1]6"[0xe1][0x19][0xf3]4EZkD[0xa3][0xc0]BZcD+[0x1b]h[0xde][E:K[0x86]V~[0xa0]y[0xd6]FZ[0xa4]D+?P%k[0xe3][0x99][0xcd]0EZ[0x80]D+?[0xd0]<k#-8[0xa2][0x91][0x1f][0x90][0x96][0x10][0xd1][0xca][0x6][0x9a]7[0xc1][0x91][0x96][0xc][0xd1][0xca][0xf][0x88][0xea][0x9a][0xac]9[0x18][0xa2][0xb7][0x83][0x98]"-[0x8][0xa2][0xb5]M[0x88]&9[0xad]mB[0xe4]uZ[0xdb][0x84]h[0xa2][0xd3][0xda]&D[0xde][0xa7][0xb5]M[0x88]&;[0x8d]mBZVDk[0x9b][0x10]e[0x2][0xad]mB[0xd4][0xf7][0xb4][0xb6][0x89]ne[0x84][0x19][0xa2][0xfe][0xa7][0xb5][0x9f][0xe8]VF [0xad]+[0xa2][0xb5][0x9f][0xe8]VF -0[0xa2][0xb5][0x9f][0xe8]VF [0xad]i[0xa2][0xb1][0x9f][0x90]O[0xcf][0xa1][0xe9]B0S[0xba][0x9d][0x99]cJ[0xb7]3sL[0x91][0xd6]=[0xd1]:[0x9e][0xe8]VF[0xd0][0xed][0x1c] S[0xba][0x9d][0xc5]bjA[0xb7][0xb2][0x1c]i}[0xf][0x8d]S[0x4][0xd2][0xfa][0x1e]Z[0xdb]D[0xb7][0xb2][0x9c]n[0x87][0xb0][0x98][0xd2][0xed][0x18][0x11]S[0xa4][0xb5]34[0x8e]'[0xba][0x1d]#bJ[0xb7]cDL-[0xf1][0xf7]j[0x0][0x0][0x0][0x0][0xff][0xff]"
19:42:02.109 [main] DEBUG org.apache.http.wire -  << "[\r][\n]"
19:42:02.128 [main] DEBUG org.apache.http.wire -  << "584[\r][\n]"
19:42:02.128 [main] DEBUG org.apache.http.wire -  << "[0x2]_SB[0x95][0xfd]p[0xa6]t;[0xb0][0xc4][0x94]nkkL[0x91][0xd6][0xd6][0xd0]6[0xed][0x99]![0xad][0xb1][0xa1][0xb5]M[0xf4][0xea][0xd5][0x98]![0xad][0xb9][0xa1][0xb5][0x9f][0xe8][0xd5][0xab]13[0xa0]WMh[0x86][0xb4][0x16][0x87][0xd6][0xa1]G[0xaf]2[0xc2][0xc]im[0xe][0xad][0xfd]D[0xaf][0x91][0xf][0xf0][0xe]/[0xe8]T"[0x8d][0xfd][0x84][0xb4][0xf2][0x87][0xd6]6[0xd1][0xad][0x8c]@Z[\n]"
19:42:02.129 [main] DEBUG org.apache.http.wire -  << "Dk?[0xd1]-[0x95][0x1b][0xd2][0xab][0xbd]gfH[0xaf][0x1e][0xb5][0x19][0xe6]q/4[0xda]zn[0x86][0xb4][0xcc][0x83][0xc6])[0xc2][0x88]^}B3[0xa4]e[0x1f][0xb4][0xf6][0x13][0xdd][0xd2][0x1e][0xd2]2[0x10]Z[0xfb][0x89]n[0xa9][0x1c]iY[0x8][0x8d][0xfd][0x84][0xb4]x[0x83][0xb6]6[0x99][0xa2][0xef][0x97][0xa2][0xd9][0x9d][0x1][0xa6]H[0x1b][0xa7]h[0xed]'z[0xa5][0x8]S[0xa4][0x1d]T4[0xf6][0x93][0x5][0xbd][0xea]\S[0xb][0xba][0xcd]6[0xd0][0xed][0xa8]VS[0xba][0x1d][0xa0]jF[0xb7][0xe3][0xfd][0xcc][0x90][0x96][0x18][0xd3]6[0xed][0x99][0xd1][0xed]x?3[0xa4][0xc5][0xb4]4[0xf6][0x13][0xdd][0xe][0xdd]3CZ\Kc?!-[0x97][0xa3][0xb5]Mtk-[0xd3][0xed]L,3[0xa4][0x95]a4[0xe]=[0xa4][0xb3][0xa1]hm[0x13][0xdd][0xc6]#[0x90][0xee][0xc9][0xa2][0xb5][0x9f][0x10]}[0xf7][0xa0][0xd2][0xe2][0x92][0xcc]d[0x85][0xf0][0xfc][0xfc][0x94][0xd4]<[0x5][0xe7]|[0x1c]g[0x17]9&'[0x97][0x16]'[0xe6][0x95]d[0x96][0xe6]*[0xe4][0xa5][0x82][0x8e][0x81]K[0x4][0x9d][0x6][0x97][0x98][0xab]P[0x9c][0x9a][0x82]8[0xce],1/37S[0xa1][0xb0]4[0xb1]8[0x13][0xe9][0x18]3[0xd0][0xc2][0x1c]b[0x8e][0xfc]0CZ[0xe7]D[0xe3][0x10]@Z[0xef]Dk[0x9b][0xe8][0xd5][0xea]0[0x3][0x5]3}[0xc6]I[0x90][0x8f]L[0xa2][0xe9][0x9c][0xac][0x19][0xdd][0xd6]A[0x99]![0x1d][0x82]D[0xeb][0x14][0x81]T[0xf2]C[0xf]"[0x82][0x1c]kD[0xbb][0xbb]v[0xcc]L[0x91]z[0xad]t[0xb3][0x13]Q[0xca]P!D[0xf1][0x1c][0x16]ffJ[0xd5][0xde][\n]"
19:42:02.130 [main] DEBUG org.apache.http.wire -  << "[0x9e][0xd5][0xa4]fHk[0xa3][0x9c][0x82]t[0x8d]M[\r][0x1c]1[0xe][0x96]07[0xcb][0xcd]U[0xf0][0xd1]54T[0x8][0xd1]56Q[0xd0]0[0xb4]41[0xd0]D[0x9c]X[0x5][0xde][0xec][0x8b][0xb3]4[0x84]]Ho[0x82][0xb4][0x8d][0xd3][0xdc]L!7W!8#5[0x7]t[0xd6]'[0xea][0xc9]1![0x19][0x99][0xc5][\n]"
19:42:02.130 [main] DEBUG org.apache.http.wire -  << "[0x99][0xc5][\n]"
19:42:02.131 [main] DEBUG org.apache.http.wire -  << "[0x89][0xb9][0xb9][0xa5]y[0xe0][0xa3],[0x14][0xd2][0xf2][0x8b][0x14][0xc2][0xc3][0x8d][0x14]B[0x12][0xf3][0xb2][0x8b][0x95]j[0x91]n[0xb9]7C:[0xbd][0xc9][0xd7][0xcc][0x8][0x87][0x91]`[0xf7][0xfb][0x1a]*8'[0xe6][0xe5][0xe5][0xe7][0x81][0x14][0x81][0xce][0x3]T07S[0xf0][0xc9][0xcf]KWpJ,*J[0x5]9[0x4][0xb1]p[0x1c][0xe9][0xac][0xc][0xf4]c?h[0xec][0x1f]D?[0xcb][0xd7][0xcc][0x10][0xe4]T,A[0x4][0xf6][0x8f]c[0x80]BP~i^[0x8a][0xc2][0x10][0xf1][0x18]b[0xba][0x85]NgG[0x99][0xd1]m5[0x99][0x99][0x19][0xda][0xa8][0xa0][0x99][0x81][0x1][0xe6][0xd9][0xcc][0xf8][0xa6]L[0xc1][0xb3][0x86][0xf0],[0x84]/[0xbb]"-[0x1e][0xca]K[0xcc]M[0xc5][0xc8][0xab])[0xa9][0xc5][0xc9]E[0x99][0x90]iZ[0xc4][0x11]0[0xa0][0xa9]B[0xb8][0xf1]xN01[0xa3][0xee][0x8a]![0xbc]6![0xd5][0x19][0x94][0xd7][0xb8]xmB[0xaa])([0xb7][0x9][0xcf]>[0x12]3[0xa4]Q[0x12][0xe7]DPQ[0xe3][0x12][0xec][0x13][0xa4][0x0][0xda][0x88][0x82][0x11]O[0x1e].[0x90][0xf3][0x0][0x15][0x2]2[0xf2]K[0x90]N!5'[0xf6]493[0xa4][0x5]6[0xa0]+x[0x14]\[0x12]K[0xf3][0x14][0xbc]R[0x8b][0xc0]'[0x18][0xa1][0x96][0xa9]`[0xf9][0xf2][0xd4][0xbc][0xc4][0xec]l[0x85][0x92][0xd4][0xbc][0xc4]<[0x85][0xdc][0xd2][0xa2]\[0xf0][0x81][0x9e][0xd0]2[0xcf][0xc8][0x84][0xc8]R[0x1c]i[0xf2][0xc5]-[0xcf][0x9][0xc3][[0xa8][0xa5]3[0xdd][0xd6][0xcb][0x98]![0x9d][0x8b][0x3]=[0xe3][0xc7][0xd0]P[0xc1][0xcc]D!=[0x9][0xc3][0x89][0xf8][0xf2]![0xd1][0xcb][0xd9][0xcd][0xe8][0xb6]l[0xc6][0xc]s@[0xcc][0x90][0xb4][0xc2][0x85]xO![0x9d][0xcc][0xe3]T[0x94][0x98][0x9c][0x8a][0xed][0xd8]l[0xdf][0xc4][0x94]T[0x85][0xfc]4[0x85][0x8c][0xcc][0xf4][0xc]P[0xbf]('[0xb3][0xa4]R[0xa1] 5[0xb1]([0x7][0xb4]1[0xb][0x96][0x9c]@c6[0xf0][0x2][0x7]_[0x96]A[0x1a][0x84][0xa3][0xa6][0x95][0xf8][0xca][0x3][0xa4][0xd5]A[0x1]U[0xee][0x98][0xa7]$ZX[0xe4][0xe6]*[0x84]d[0xa6][0xa7][0x16])x [0x9d][0xcd][0x86]?[0x18]i[0xdb],@ZfD[0xaf][0xda][0x13]i[0xc5][0xc][0xfd][0xcf][0xc4]0C_EC[0xd6][0x89]mx[0xd2][0x9d][0xb9][0x1]Z'[0x96][0xfa][0x16] Zr[0xe0][0xbe][0x2][0xf5]-@[0xb4][0xa8]hd[0x1][0xda]8[0x11][0xf5]}[0x80]h6[0xd1]?[0x89][0x99]#[0xf5]G[0xc0][0xe1]G[0xb3]I.s[0xba]-a17[0xa0]j[0x7][0x15]o[0xfe]AtP[0x3][0x12]s[0x12]}[0xf2]}@g[0xca][0xa2]6;[0xe0]5-[0x96];[0xc5][0x8d][0x8d][0x91][0xfa]X[0xf8],BZ[0xc1]2[0x0][0x89][0x4][0xe9]\[0x1b][0x1a]'[0x12][0xa4][0x86][0x15][0x8d][0x3][0x14]Qn[0xd0][0xd8]"D[0xf9]Ac[0x8b][0x10][0xe5][0x8][0xad]#[0x9][0xd1]i[0xa1][0xb1][0x97][0x10]}[0x96][0x81]H[0xf5][0x88]b[0x84]N[0xcd][\r]s[0xba]-K2[0xa7][0xdb]$[0x9f]9[0xd2]$[0x1f][0xbd][0x82][0x91]nk[0xae][0xcc][0xd1][0xd7]\Q[0xbd]u[0x80][0xb4][0xd4][0x8a]n[0xa1][0x87][0xc8][0xde]4.H0[0xaf][0xdd][0xa2][0xd1][0xda]8s[0xba][0xad][0xb9]27B4[0x9]h[0x1c]zHk[0xae][0xa8][0xd9]i[0xc4][0xd7][0xc]A:[0x9b][0x87][0xd6][0x9e]C[0xeb]8[0xd0][0xae]][\n]"
19:42:02.132 [main] DEBUG org.apache.http.wire -  << "j[0x83]A[0xa7][0xd7][0xe8][0x16][0x8c][0x88]6[0x1][0xdd][0xac]D[0xb4][0xe][0xe8]f%[0xa2][0x1c][0xa1][0x9b][0x95][0x88][0x6][0x3][0xad][0xd3]'[0xa2]q@k[0x9b][0x10][0x5][\n]"
19:42:02.132 [main] DEBUG org.apache.http.wire -  << "[0xbd][0x82][0x11]i[0xbd][0x7][0xdd][0xac]D[0x8c]D[0xd0][0xcd]JD[0x11]C7+[0x11][0xbd][0xe][0xba]YI[0xff][0xb2][0x6][0xe9]x![0xba][0xf9][0x92][0xfe]e[\r][0xd2][0x1]Dt[0xf3]%[0xa2][0xd0][0xa1][0x9b][0x95][0xf4]/}[0x90][0xd6][0xf0][0xd0][0xab][0xc9]K[0xdd][0xfb][0xcf][0xf0][0xb5][0xa0][0xe8][0xb6][0x98][0xc7][0x9c]n[0x8b]y[0xcc][0xe9][0xb6][0x98][0xc7][0x9c]n[0x8b]y[0xcc]M[0x11][0x5][\n]"
19:42:02.133 [main] DEBUG org.apache.http.wire -  << "[0x8d][0xeb]w[0xa4]%<tK[0xee][0x88]r[0x84]nV"[0xca][0x11]zY[0x89][0xb4][0xa6][0x87]nV"Z14N5H[0xb7][0xa8][0xd1][0xcd]s[0x88][0xc6][0xb][0xdd][0xac]D4^[0xe8]f%[0xa2][0xa3]D7+[0x11]e[\r][0xbd][0xaa]u3DG[0x89]nV"[\n]"
19:42:02.133 [main] DEBUG org.apache.http.wire -  << "[0x1d][0xba]Y[0x89](th[0x9c][0x1d][0xe9]vn[0x92]9u[0xd7]&[0xe1]k[0xaa][0xd0][0xed][0x8c]!s[0xba][0x9d][0xfc]cN[0xb7][0x9d]v[0xe6][0xe6][0x88][0xb4]G[0x9b]S+[0xcd][0x91]v[0xd8][0xd1][0xca][0x6]DuF+[0x1b][0x10]}p[0xea][0xe6]P[0x0][0x0][0x0][0x0][0xff][0xff]"
19:42:02.133 [main] DEBUG org.apache.http.wire -  << "[\r][\n]"
19:42:02.134 [main] DEBUG org.apache.http.wire -  << "5EC[\r][\n]"
19:42:02.134 [main] DEBUG org.apache.http.wire -  << "J-V[0xb2][0x8a]FZ#k[0x8e][0xb4]PL[0x81]6[0xab][0xa1][0xcc][0x91][0x8e]`[0xa2]Up!j[\n]"
19:42:02.134 [main] DEBUG org.apache.http.wire -  << "Z[0x7][0x17][0xa2][0x82][0xa0][0xb5]M[0x88]z[0x81][0xd6]6![0xb2]$[0x8d]mBZBFk[0x9b][0x10]Y[0x94][0xd6]6[0xd1]-[0xab]"-MKJ,NM)J[0xcb][0xac][0xc0][0xc8][0xb2]`[0x99][0xd4][0xb4][0xc4][0xd2][0x9c][0x12][0xf0][0x1d][0xc2][0xd0]5wh[0x17][0x11][0xe3]9B[0xdf][0x1c]i9[0x19][0xad][0x83][0xe][0x91][0x99][0xe8][0xd5][0xf4]AZ[0xb8]F[[0xcf]Y [0xad]![0xa3]S[0x83][0xd9][0x2][0xe9]|$:[0x85][0xa7][0x5][0xcd]/)[0xb3]@: [0x89]6[0xb5][0x87][0x5][0xdd][0xe]F[0xb2][0xa0]t[0x5][0x16][0x91][0x97][0x9a]Z[0xd0][0xfc][0xd2]0[0xb][0xa4][0x85]W4[0x8a][0x15][0xa4][0xc5]U[0xb4][0xb2][0x1]Qr[0xd3]+[0xbb] [0xed][0xf5][0xa7][0x95][0xa7][0x10]C[0x3][0xb4][0xb2][0x1]1[0x12]@[0xb7]`C[0xb4][0xef]h[0xe5])DUD+[0x1b][0x10][0xed]9Z[0xd9]@[0xaf]v[0x9c][0x5][0xd2][0xda]%[0x1a][0xd7][0xa2]H[0xeb]|hm[0x13][0xcd][0xe3][0x87]nK`,[0xe8][0xb6][0x1e][0xc5][0x2][0xe9][0xd8]![0x1a][0xa5]j[0xfa][0xaf]C[0xb1][0xa0][0xdb][0xa9][0x18][0x16][0xc6][0x88][0x82][0x8d][0xc6][0xc9][0x1b][0xe9][0xca]'z[0x95][0xda]t;[0x88][0xc3][0x2]ia[0x6][0x8d][0x83][0x11][0xe9][0xaa]&Z[0xdb][0x84][0xa8][0xc8]im[0x13][0xfd]+t[0xa4][0xb3]?hTl[0xd0][0x19][0x82][0x85][0x9][0xa2][0x6][0xa1]q[0x8c]![0xcd][0xcb][0xd3]+3[0xd3]m[0x82][0xde][0x2]i[0x82][0x9e]n[0x9e][0xa3][^[0xa3][0xdb][0xfc][0xb9][0x5][0xd2][0xfc]9[0xad]S#[0xdd][0xda][0x9d]f[0x88][0xa9]V[0x1a][0xfb][0x89]n[0x97][0x98]X[0xd0][0xed] [0x2][0xb][0xba]M[0x91]Y[0x98]#j[0x14][0x1a][0xc7][0x13][0xdd]&[0xae],[0x90][0xb6][0xef][0xd3][0xd8]Ot[0xbb][0x86][0xc3][0x82]n[[0xf0]-([0x1d][0xf9]'v[0xe4][0xb]i[0xc7]8[0x8d]c[0x9]y[0x98][0x1c]z[0xc4]P[0xb0][0x91]1[0xe4][0xdc][0x6][0x8c]Qy[0xc8][0x81]G[0x88]Sq[0x88][0xf6][0xe][0xdd]2[0x12][0xfa][0x9e]j[0x9a]m,[0xb0][0x4][0x1d]7[0x2][0xdd]X@[0xdb]([0xb2]D[0x1a][0x9c][0xa6][0xb5]M[0xf4][0xea][0xc7]Y"[\r][0xbc][0x6]C[0x92][0x1d]FbC$3[0xfc][0xa7][0x12] M[0x3]["[0x8d][0xb6]B[0x8d]U[0xc0][0x9d][0x9a][0x11][0x16][0x18][0x82]O[0xab]'[0xe6],[0x7]K[0xa4]-[0xac]4[0x8e][0xc]C[0xba]E[0x6][0xe8] [0xb][0xfa]$e[0xba]m[0xdd][0xb3][0xa4][0xdb][0xe6]3K[0xba][0x8d]RY"[0xdd][0xd9]M[0xe3][0xb4]G[0xb7]1[0xf]K[0xba][0x8d]DX[0x9a][0xd0][0xab]wd[0x89][0xd4]i[0xa7]q<![0xf5][0xa0]im[0x13][0xbd][0xfa],[0x96]t[oniJ[0xaf][0x91][0xe]K[0xa4]#[0xfc]h[0x1c]Ot[0xeb][0x87]Y"-2[0xa5][0xb1][0x9f][0xe8][0xb6][0xfc][0xd2][0x92]nW<Z[0xd2]mQ[0xa4]%[0xd2]RE[0x1a][0xc7][0x13][0xdd][0xfa][0x96][0x96]Hk[0xf1]h[0xed]'[0xba][0x95][0x11]t[0xeb][0xf3]Y[0xd2][0xeb]J:#[0x3]zu[0x92][0x8c][0xc][0xe8][0xd5]I22@:S[0x89]>[0x3][0xbb]F[0x6]H[0x87]+[0xd1][0xcd]JD[0xba][0xa7][0xe5])0F[0x6]H[0x8b]|hk[0x11]R[0xdf][0x90]^[0x81][0x88][0xd4]Y[0xa4][0xb1][0xdf][0x10][0xad]3[0x1a][[0x84]hD[0xd3]-[0x10][0x11])[0x11]|[0xc6][0xe7][0xa0];[0x3][0xd4][0xc8][0x0][0xe9]`[0x1f]z[0x85][\n]"
19:42:02.135 [main] DEBUG org.apache.http.wire -  << "R[0x9f][0x9d]nV"[0x16][0x9a][\r][0xd6][0x88]@[0x1a]_[0xf0][0xcc]+I[0xcd][0xc9][0xc9]LO[0xcd]+Qp[0xcc])[0xcd][0xcd][0xcc]+[0xcd]U[0x8]O,I[0xce][0xc0][0x18]ir*[0xca][0xcf][0xab][0x2][0x1d]3[0xc]]eld[\n]"
19:42:02.136 [main] DEBUG org.apache.http.wire -  << "[0xaa]M[0x88][0x18][0xe]22@:![0xc8]1[0xb5](?[0xa5]2/173Y! [0xb1] [0xb5]H[0xc1]9?[0xb1][0x4][0xc3]2[0xf7][0xa2][0xc4][0xbc][0xcc][0x12]$[0xdb]LL@[0xa3][0xca][0xc4][0xd9][0x86][0x18][0x12]242[0xc6]0[0x1a][0x1c]+t?[0x2][0xd7][0xc8][0x0][0xe9][0xf8][0x1d][0xc7][0xf2][0xd4][0xe2][0xfc][0xdc]T[0x5][0xe7][0xfc][0x92][0x92][0xfc]<[0x1c][0xe1][\r][0xe][0x1d][0xc4][0xe8][0x9b][0x85][0x1][0xa8][0xcb]GT[0x0] [0x1d][0x8a][0x83][0xb0])/[0xb9]([0xb5]$U[0xc1])1[0x1d]#D[0x82]J[0x93][0x92][0x90][0x8f][0x0]63[0x3][0xb9][0x95]8[0xab][0x10][0xa9][0xdd]-1[0xaf]$[0x11]|[0xe1]F@[0xe][0x84][0xc6]y[0xe3][0x86]obQR[0xe]R[0xe4][0x1a][0x19][0x82][0x16][0x99][0x11]g![0xa2]h[\r](JL.[0xc9]LN[0xcc]Q[0x8][0xce][0xcc][0xc9]VpN[0xc4]<[0xc0][0x15]#[0x19][0x99][0x1b][0x80][0xd6]M[0x13]g[0x13][0xd2]p|nbN[0x8e][0x2]$[0x98][0x14][0x9c]R[0xf3][0xb0][0xe4][0xe][0xc8]%#[0x88][0xe8][0xb2][0x4]o[0xe8]"[0xce]"Dzu[0xcf]/JO[0xcd]/-[0x6][0xdd]Y[0x92][0xa3][0x10][0x90][0x98]W[0x2]:J[0x17][0xf5],[0xc5][0xf0][0xfc]|[0xa4]#[0xea][0xcd][0x8d][0x88][0xce][0x17][0xc8][0xc3]U`[0xf]ACG[0xc1];[0xb5]2)?[0xb1]([0x5]#a[0x4][0x97][0xa4][0xa2][0x1c][0x87]o[0x2][0x9a][0xae]'[0xca]OH[0x8b]t[0x90][0x8b][0x18][0x9f][0xd4][0xc4][0x92][0xc]P[0x9e][0xcf]H[0xcc][0xc4][0x8c]-[0xf4]daa[0x4]:E[0x83]8[0xfb][0x10][0xe9][0x90][0xb6]U[0xbb][0x9][0xbd][0xda][0x10]H[0x3]q4[0xf6][0x11]"[0x9d][0xd3][0xd8]"D:[0xa7][0xb1]E[0x88][0xf5][0xbd]4[0xb6][0x8][0xd1][0xe8][0xa2][0xb1]E[0x88]U[0x17][0xb4][0xb5][0x8][0xe9][0xdc][0x11][0x1a][[0x84][0xd8][0xb3]Ec[0x8b][0xe8][0x95]aA[0xd5]3t~[0x88][0xc6]>[0xa2]W[0x86]EZ[0xbf]Dc[0x1f][0xd1]+[0xc3]"[0x8d]e[0xd3][0xd8]G[0xf4][0xca][0xb0]H[0x7]|[0xd0][0xd6]GH[0x83][0xf3]4[0xb6][0x88]^U9[0xd2][0x2]3[0x1a][0xfb][0x8][0xa9][0xcd]J[0xc3][0x13][0xb2][0x8d][0xc][0x90]n[0x9f][0xa1][0xb1][0x8f][0xe8]U[0x95]#M[0x9f]P[0xee]#[0xdc]WA[0x18][0x19] [0xad][0x1][0xa4][0xdc]"[0xdc]'J[0x18][0x19][0x80]nu[0xa1]Z5[0x81][0xcf]GH[0xf3]A[0xb4][0xf5][0x11][0xd2]ED[0x94][[0x84][0xd7]G[0xf4]*[0x19][0x90]&[0xb8]h[0xec]#z[0x95][0xc]H[0x8b]4i[0xec]#D[0xc9]@[0x83]9'[0xd8][0xdd]*[0xe6]f[0x8]k[0xd2][0x13]s3[0xf3][0xd2]}[0x12][0xd3]31[0xfa][0xaf][0xa0][0xeb][0xe2] [0xd2][\n]"
19:42:02.137 [main] DEBUG org.apache.http.wire -  << "[0x5][0xa5]E[0x5][0xf9][0xc5][0xa9]([0x97][0xc6][0x19][0x19][0xd0][0xeb]zs#[0x3][0xa4][0x83]Jh[0x10].[0x88][0xd5]]F[0x6][0xf4]ZQjd@[0xaf][0x15][0xa5]F[0x6][0x98]7[0x1f][0xd1][0xe6][0x90]l#[0x3]KD[0x19]C[0xe3]x[0xb2]D4[0xe3]im[0x13][0xa2][0x9b]J[[0x9b][0xc][0x91][0xce]A[0xa0][0xb5]M[0x88][0x92][0x93][0xd6]6!:'4[0xb6][0x9]y[0xb9]'-[0xaf][0xa7]32D[0xda][0x9a]Nk?![\n]"
19:42:02.138 [main] DEBUG org.apache.http.wire -  << "jZ[0xdb][0x84][0xe8]r[0xd1][0xd8]&[0xd0]`5[0xb4][0x9]Gk[0x9b][0xe8]UF[0x18][0x82]F[0xfc][0xe9][0xe4]'[0xba][0xc5][0x13][0xd2]~e[0x1a][0xc7][0x13][0xbd][0xd6][0x9c][0x1a][0x19]"[0xf][0xe2][0xd3][0xb6][0x8c][0xa0][0xd7][0x9a]S#C[0xa4][0xa1]n[0x1a][0xc7][0x13][0xbd][0xd6][0x9c][0x1a][0x19]"[\r][0xa4][0xd2][0xd8]O[0xa0]9[0x19][0xfa][0xe4]\[0xa4][0xf1]@Z[0xfb][0x9]QF[0xd0][0xe7]<%#C[0xa4][0x81]4[0x1a]{[0xe]i[0xdc][0x89][0xd6]6[0x11]W[0xf9][0x2][0x0][0x0][0x0][0xff][0xff]"
19:42:02.139 [main] DEBUG org.apache.http.wire -  << "[\r][\n]"
19:42:02.139 [main] DEBUG org.apache.http.wire -  << "77[\r][\n]"
19:42:02.140 [main] DEBUG org.apache.http.wire -  << "[0xaa]T[0xc8]H,V[0xc8][0xcb]W[0xc0]r;[0x1b]Qw[0xb3][0x19][0x19]"[0x8d]j[0xd0]+[0xc2][0x90][0xc6]7[0x82]J[0xc1][0xf3][0xce]>[0x99]y[0xa9]y8[0xe6]g![0x93][0xb7][0x88][0xf9]YSc[0xd0][0x9e]Yb[0xe6][0x16][\r][0xe9][0xb5][0x95][0xd2][0xc8][0x10][0xa9][0x97]N[0xe3][0x94]A[0xaf][0xad][0x94]F[0x86][0xf4]ZXkdH[0xaf][0x85][0xb5]F[0x86][0xf4]ZXkdH[0xaf][0xcb][0x85][0x8d][0xc][0xe9][0xb5][0xb0][0xd6][0xc8][0x10]y3%m[0x9b]0t[[0xc2]k[0x84]u[0x9]/[0x0][0x0][0x0][0xff][0xff]"
19:42:02.140 [main] DEBUG org.apache.http.wire -  << "[\r][\n]"
19:42:02.142 [main] DEBUG org.apache.http.wire -  << "59[\r][\n]"
19:42:02.142 [main] DEBUG org.apache.http.wire -  << "RB][0xb8]A[0x95][0x92][0xd6][0x8][0xb4][0xe8][0x8a].[0xd5][0xbd][0x11][0xd2]a|[0xb4]-[0x8d][0x8c][0xe8]u([0x9f][0x91][0x11][0xd2][0xb2]dZ[0xfb][0x89]^[0xc3][0x6]F[0x94][0x1e]4H[0xec][0xc6]Q##[0xa4][0xc5][0xc1]4[0xe]=Cz[\r][0xef][0x18][0x19][0xd2]-[0x9e][0x90][0x16][0xa3][0xd2]8[0xf4][0xe8]u[0xb1][0xa5][0x91][0x11][0xd2][0xca]NZ[0xfb][0x9][0x11]O[0x0][0x0][0x0][0x0][0xff][0xff]"
19:42:02.142 [main] DEBUG org.apache.http.wire -  << "[\r][\n]"
19:42:02.147 [main] DEBUG org.apache.http.wire -  << "EB[\r][\n]"
19:42:02.148 [main] DEBUG org.apache.http.wire -  << "[0xa2][0xb1]MH[0xcb]'im[0x13]bm[\n]"
19:42:02.148 [main] DEBUG org.apache.http.wire -  << "[0xad]m[0xa2][~B:{[0xc][0xbe][0x9a][0x11][0xbc][0x8e]P! '[0x11][0xbc][0xa2][0x17][0xb5]V[0x84][0xac][0x81]E4[0xcc][0xcd]-@[0x3][0xf][0xf0][0x86]9[0x9e][0xf9]@#cD/[0x91][0xc6][0xc1]gB[0xaf]Y[0x1][0xf0][0x8a]G[0xfa]T[0xef][0xf4]:[0xc1][0xca][0xc8][0x88]^[0xfb]o[0x8d][0x8c][0x90][0xd6]`[0xd1]8E[0x80]z[0x8f][0xf4][0x89]'[0xba][\r]L[0x18][0xd1]m`[0xc2][0x8]i[0xfa][0x96][0xc6][0xf1][0x84]40Ac[0x9b][0xe8]6L`[0x84][0xb4]<[0x81][0xd6]~[0xa2][[0xb5]A[0xb7][0x99]x#[0xba][0xcd][0xc4][0x1b][0xd1]m&[0xde][0x88]n3[0xf1]Ft[0x9b][0x89]7[0xa2][0xdb]L[0xbc]1[0xdd][0xba]5[0xc6]H[[0x1d]i[0x9b]s[0x8d][\r][0xe9]5shL[0xaf][0x13]x[0x8c][0x8c][0xe9][0xd6]U36[0xa4][0xd7][0x8a][0x9]c[0xa4]M[0x91]4N[0x11]t[0xeb]~[0x1a][0xd3][0xad][0xfb]i[0x8c]4[0x13]O[0xa7][0xfd][0x9d][0xc6]H[0x9b]'[0xe9]f%[0xbd]jac[0xa4][0xf3][0xa0][0xe8][0xe5]9[0xa4][0xfe]"[0xa9]V[0x2][0x0][0x0][0x0][0xff][0xff]"
19:42:02.149 [main] DEBUG org.apache.http.wire -  << "[\r][\n]"
19:42:02.150 [main] DEBUG org.apache.http.wire -  << "163[\r][\n]"
19:42:02.151 [main] DEBUG org.apache.http.wire -  << "J,[0xca][0x1]m[0x8f][0x83][0xed]G[0x5]%px[0xbf][0x11][0xcf][0x12]\c[0xba][0xcd][0xa1][0x1b]#[0xf5][0x1b][0xe9]4-f[0x8c][0xb4]A[0x8d]NV[0x1a]![0xdd]UD[0xdb]2[0xcc][0x88]nk[0xe6][0x8c],[0xe9]5ujD[0xaf][[0x8a][0x8c][0xc0][0xe3][0xbc]t[0xe9][0xb3][0x1a][0xd3]m[0x1d][0xa0]1h;/[0x9d][0xfc]D[0xb7]R[0x98]n[0xd3]![0xc6]HG[0xa6][0xd0]6[0xe7][0x1a][0xd3]m[0x92][0xc2][0x98]n[0xab]([0x8d][0x91][0xd6][0xcc][0xd1][0xab][0xea]B[0xba]V[0x84]^V"[\r][0x87]S[0xd3]J#[0x1d]%[0xe7][0xc4][0x92][0xd4]t[0xcc]{*[0x8d][0x8c][0x91][0xe][0x8b][0xa4][0xa6][0x95]x[0xdb][0x4][0x88][0x11]^[0xba]YI[0xaf][0xd1]c[0xa4][0x9b]G[0xe8][0xe5]9[0xd0] >[0xb4]\[0xa6][0x9b][0x95][0x88][0x2][0x9a]N-[0x1f]c[0xd0][0xf9][0x4]P_[0xd2][0xb8][0xfc][0xa4][0xdb]h[0xbd]1[0xdd]F[0xeb][0x8d][0xe9]6Zo[0x8c][0xb4][0xef][0x97]^[0xa9][0xd1][0x14]19E/+[0x91]f[\n]"
19:42:02.152 [main] DEBUG org.apache.http.wire -  << "[0xe8]f%b[0x1b]?[0xdd][0xac]D[0x94][0xd4]>[0xa9]y[0xf9]e[0xf9][\n]"
19:42:02.152 [main] DEBUG org.apache.http.wire -  << "[0x99])[0xa9][0x89][0x5][0x89])[\n]"
19:42:02.153 [main] DEBUG org.apache.http.wire -  << "[0x98]Knr[0x12][0xb]J[0xf2][0xb][0x14] {[0xc0][0x90][0xe6][0x18]A[0x7][0xa0][0x13][0xd5]UD[0xda]J[0xe3][0xc][0x8e][0xbc][0x1][0x15]~[0xb0][0x8d]s~[0x1][0xe8][0x88][0xa4][0xe0][0x8c][0xcc]"[0xcc]3[0x92][0xa0][0xc7][0xec] [0xbc]ej[0x8]Z[0x1c]D[0x94][0xbf][0x90][0x16]O[0xc2]gi=[0x8b][0xf2][0xf3][0x14][0x9c][0xb1][0x9e][0xcc][0x82]v[0x16][0x91][0x19][0xf8][0x90]e[0xe2],B[0xc4][0x96]k^~Q.[0xe8]p[0x1b][0xc8]IR[0xd8][0xf]~[0x2][0x1d][0xe5][0x83][0xf0][0x91][0x19]xQ[0x1f]![0x8b][0x0][0x0][0x0][0x0][0xff][0xff]"
19:42:02.153 [main] DEBUG org.apache.http.wire -  << "[\r][\n]"
19:42:02.154 [main] DEBUG org.apache.http.wire -  << "D7[\r][\n]"
19:42:02.154 [main] DEBUG org.apache.http.wire -  << "R[0xb2]242F[0xba][0xa9][0xdd]'3=[0xa3][0xa4]<[0x15]D*[0xc0][0xce][0xb8]q[0xca]/)[0x1][0x1f]9[0x84]:[0xfb][0xc]^2[0x8a][0xb0][0xcf][0x2]|5q[0xf6]!:[0x88].[0xa5]E[0x89]I9[0xa9][\n]"
19:42:02.155 [main] DEBUG org.apache.http.wire -  << "[0x90][0xf3]k[0x14]<[0xb0][0x9c]g[0xe5][0x9c][0xf]9[0x9]a[0x95][0x89])[0xa8][0x8b][0x9][0xb7][0xca][0x14]Os[0x8]i[0x9]%[0xb2][0xd7][0xa0][0xd6][0x11]7[0xad]n[0x4]>[0xe1][0x14]n[0x1d][0xbe][0xa6][0x10][0xdd][0xd6]Q[0x1a][0xd3]m[0x82][0xc4][0xd8][0x2][0xd1]6[0xa0]q>[0xa6][0xdb][0xda]Pc[0xba]M[0xfa][0x18][[0xd0]k[0xed][0x8d]1[0xdd][0xd6][0xbb][0x1a][0xd3]m"[0xcb][0x18]t@[0x17]}[0x1a][0x89]t[[0xc3]kL[0xbf][0xc9]9[0xba][\r].[0x1a][0xd3]m][0xb2]1[0xdd][0x86]1[0x8d]Au[0xc][0x9d][0xd2][0x1e][0xdd][0xca][0x8][0xba][\r][0x98][0x1a][0x83][0x9a][0x89]t[0x9]=[0x13][0xba][0xad][0x1f]7[0xa1][0xdb][0xd0][0xac][0x9][0xdd][0x86]fM@[0xcd]^:[0xc5][0x13]5[0xda][0x11][0x0][0x0][0x0][0x0][0xff][0xff]"
19:42:02.158 [main] DEBUG org.apache.http.wire -  << "[\r][\n]"
19:42:02.159 [main] DEBUG org.apache.http.wire -  << "28A[\r][\n]"
19:42:02.160 [main] DEBUG org.apache.http.wire -  << ""[0xa6][0x15]fB[0xb7]A`[0x13][0xba][0xad][0x89]7[0xa1][0xdb]p[0xb3][0x9][0xdd][0x86][0x9b]M[0x90]N[0xe6][0xa6]m[0xcb][0xd2][0x84]n[0x3][0xdb]&H[0xb]b0[0xe][0x90][0xc5][0xde]A[0x84]tT[0x11][0xbd][0x1b]SCP[0xeb][0x94][0xa8][0x84][0x8e][0xb4][0xd4][0x1f][0xde]C[0x84][0x18][0x87][0xa3]3[\n]"
19:42:02.161 [main] DEBUG org.apache.http.wire -  << "=D[0x14]a[0x99][0x85][0x19]h[0x1c][0x8e]8[0xcb][0x10][0xb5][0x14][0xe2][0xf8]X[0xc8][0x12]d"[0xd7]'[0x1b][0x1b][0x1b][0x99][0x11][0x99][0x85]A[0x13][0xd2][0xd0]b[0xc9][0xbb]4';[0xb1]X! ?[0xa7][0xb2][0x4][0xd4][0xcd]6R([0xc8][0xcc]+)[0xc5][0xd8]#[0x4]Q[0x87][0xf0][0x9a][0xb1][0xa9])[0x1e][0xcb][0xa0][0xc7][0xe1][0x18][0x19]"]b[0x9d][0x9a][0x93][0x9a][0xc][0xb2]"3[0x19]47[0x8e][0xda][0xdb][0x5][0x9d][0x87][0x83]$[0x8f][0xfd]P[0x1c][0x13][0xba]-[0xdf]0AZ[0xbe]A[0xe3][0xbc][0x83][0xb4]j[0x83][0xd6]6[0xd1][0xad][0x86]0[0xa2][0xd7][0x12]/[0x13]P[0x8a][0x87]&dZ[0x87][0x1e]"[0xd2][0xd8]&[0x1a]Mk[0xe1][0x19]X1A[0x9a][0xd6][0xa2][0x82][0xe7][0xf0][0xec][0x8c]0A:[0xf9][0xc2][0xad][0xb4](/[0xb3][0xa4][0xb4](U!$[0xbf][0x0][0xa3][0xbc]A[0xc8][0xa6]$[0x16]e*x[0xa5][0x16]$[0x16]%"[0x8a][0x1f]C[0x13]b[0x9b]+[0xc6][0x88][0xc9],[0x84][0x99][0xb4][0xb5][0x11][0x91][0xfc][0xe9]e#b[0xc8][0x8f]^6"[0xd6]![0xd2][0xcb]F[0xc4][0xb4][0x5][0x9d]lD[0x9a])[0xa4][0x97][0x8d][0x88]1i*[0xda][0x88]g[0x4][0xd7][0x4]iQ[0x96]_~v&([0x87][0xa1][0xd6][0xcc][0xce][0xf9]yy[0xa9]%[0x99]y[0xe9][\n]"
19:42:02.161 [main] DEBUG org.apache.http.wire -  << "[0x1][0xa9][0xf9][0x5][0xe0][0x81]j[0xe8][0xb2]6CP'[0x94][0xa8][0xb6][0x8d][0x9][0xdd][0x93]'[0xd2][0xa4]$[0x15][0x3][0x12]_[0x11][\n]"
19:42:02.162 [main] DEBUG org.apache.http.wire -  << "j[0xe]Ak":[0xcd]7[0x99][0xd0][0xee][0xd0][0x4]i[0xee][0x90]v[0xc9][0x5]i[0xb6][0x90][\n]"
19:42:02.162 [main] DEBUG org.apache.http.wire -  << "[0xb5][0x11][0xbe]HC::[0x98][0xd6]6!r6|[0xce][0xf]5[0xa3][0x81][0x9a][0xc0][0x10])D[0xeb]WG[0x9][0x9a][0xd7][0xc0]+[0xe4][0x88][0xca]kH'[0xed]BL[0xc3][0xa8]Y[0xa9]e[0x11]"S[0x7][0x4]c[0x99][0xe1]LO[0xcc]MU0U(.[0x1][0xdf]~[0x1][0xf5][0x87][0x9][0xd1]e[0x6][0xd2][0xfc]&m[0xfd][0x81]4[0xe1]H[0xaf][0x8c][0x8b]t.-[0xdd][0xac]D[0xa4]?ZZ[0x9][0xef][0xf7]!5[0xcc][0x1d][0x93][0x93]S[0x8b][0x8b]![0xab][0xa9][0xd0]O[0x9e]([0xc9]WH[0xcd][0xcb]H[0xcc]KNUH,[0x0][0xad][0x9b][0x6]1[0x95]j[0x91]N[\r]5A[0x9a]>[0xa5]q[0x1e]E:[0xe4]f[0xa8][0x85][0x11][0xa2]mD[0xe3]0[0xa2][0xdb]t[0xa5][0x9][0xdd][0xa6]+M@[0x3]B[0xd0][0xaa][0x9b][0xc6][0xa1]G[0xb7]i0[0x13][0x8a][0xa7][0xc1][0x8c] [0xab][0xb2][0x89][0xaa]s[0xe8]6[0x13]f[0x82]4k4[0xb4][0xb2][0xa8])[0xd2][0x9c][0x3][0xf2]R[0x9][0xd8][0xf2][0xb][0x5][0x9f][0xc4]\[0xcc]N0t[0x8d][0x8][0xa2][0xdb]kj[0x1][0x1a][!&RL[0xe9]6Lo[0x8a]4L?[0xd4]"[0x5]1[0xa8]3[0xd4]\[0x8e][0xe8][0xf]5[0x97]#[0xea]*[0xaa][0xb9][0x1c][0x0][0x0][0x0][0xff][0xff]"
19:42:02.164 [main] DEBUG org.apache.http.wire -  << "[\r][\n]"
19:42:02.171 [main] DEBUG org.apache.http.wire -  << "2DE[\r][\n]"
19:42:02.172 [main] DEBUG org.apache.http.wire -  << "*V[0xb2]Bo[0xe6]S[0xbf]%b[0x8a]4[0xcd]1[0xd4]\>T[[0xa6]H[0xe7]A[0xf][0xb5]0G[0xc][0xb7][0xf]5[0x97][0xf][0xd9][0x1c]J[0xb7][0x9]"S[0xba]M[0xdb][0x98]"[0xed]|[0xa5]m[0xeb][0xd4][0x14]i[0xa4][0x9c][0xd6]6![0xf2][0x6]mm2A:[0xc1][0x99]^[0x3][0x81][0x6]:J[0xd0][0xde][0x4]-[0xf3]=r[0x17][0x19]ic[0x4]-[0xad][0xa4]~[0x95]jbJ[0x9f][0x8a][0x9]9[0xb0](=[0xa3][0xc6][0x0][0xcf][0xb4]7[0x8a]=[0x88][0xf1]1[0x1a][0xa7]q[0xa4]#si;TF[0xb7]U[0xd1]&t[[0x3]k[0x82][0xb4][0xe2]1=[0x13]|[0xa7],[0xea][0xb0],[0xa2][0xef]El[0xc4]#[0x9d][0xed]J-[0x13][0x11][0x8d]}j[0x99][0x88][0xa8][0xe2]i[0x9b]8M[0xe9][0xb6]~[0xd0][0x94]n[0xeb][0x7]M[0x91]V![\r][0xad][0xf2][0xd6][0x14][0xe9][0xf0][0x9d][0xa1][0xe6]rDqJ[0x83][0xe9][0x6]S[0xa4][0x13]|[0x86]Z[0xc0] [\n]"
19:42:02.173 [main] DEBUG org.apache.http.wire -  << "[0x87]![0xe6]r[0xa4]Uh4.[0x84][0xe8][0xb6][0x9c][0xcb][0x94]n[0xc7][0xce][0x9a]"[0xed][0xf1][0xa7]u[0xe8][0xd1][0xad][0xb2][0xa0][0xdb]m5[0xa6]H[0x1b][0xcf]i[0x1c]zH[0xc7][0x8][0xd1][0xda]&DI@k[0x9b][0xe8][0x96]"L[0x10][0xbd])[0x1a][0xfb][0x9]i[0xb5][0xf][0xad]mBtzhm[0x13]b[0xed][0x1b][0xad]m[0xa2]W[0x8f][0xde][0x14][0xb4][0xa2][0x1a][0xda][0xbf][0xa6][0xb5][0x9f][0x10]M[0xe][0x9a][0xf6][0xab]L[0x91].[0xa2][0xb1]Et+!@[0xcb]3[0xa1][0xb1]D[/!]gEc[0x8b][0x10][0x7][\n]"
19:42:02.179 [main] DEBUG org.apache.http.wire -  << "[0xd0]8[0xdd]![\r][0x8a][0xd0][0xda]&D[0xae][0xa5][0xe9][0xe5][0xbb][0xa6]H[0xab][0xe3]h[0x1c]K[0x88][0x19]=[0x1a][0xfb][0x8][0x91][0x95]h[0xec]#[0xba][0xd5][0xb5]H[0xeb][0xee]h[0xeb]%[0xa4]ew4[0xb6][0x8]Q[0xff][0xd1]65 [0xad][0xba][0xa3][0xb1]E[0xf4][0xaa][0x93][0x90][0xd6][0xdf][0xd1][0xb8][0x10]B:_[0x84][0xc6][0xa9][0x1][0x91][0x93]hk[0x11][0xd2][0x92]B[0x1a][[0x84][0xa8][0x93]hl[0x11][0xa2][0xc9]Jc[0x8b][0x10]9[0x96][0xc6][0x16]![0xaa]>[0x1a][[0x84][0xd8][\r]B[0xe3][0x8c]d[0x8e]([0x1b]hm[0x13][0xa2][0x96][0xa5][0xb5]M[0x88]j[0x96][0xd6]6!J[0x7][0x1a][0xdb]D[0xb7]s[0xfe]M-[0xe8]U> [0x9d][0xcc]C[0xdb][0xdc][0x84]4[0x5]Ec[0x8b][0x10][0xe5][0x3][0xad][0x93][0x3][0xdd][\n]"
19:42:02.181 [main] DEBUG org.apache.http.wire -  << "[0x8][0xba]-t5[0xa5][0xdb][0xb9]<[0xa6]t;[0x97][0xc7][0x94]ns[0x92][0xa6]t;[0x97][0xc7][0x94]n[0xb][0x92]M)^[0x90]L[0xec][0xce][0x11]S[0xba][0xad]F6[0xa5][0xdb][0xb9]<[0xa6]H[0xb3][0xd4]4.[0x8d][0x90]VX[0xd3][0xda]&[0xba]5"[0xe8]v.[0x8f])([0x91]B[0x87][0xbd]h[0x1b]zft[0x9b]W7[0xa3][0xdb][0xbc][0xba][0x19][0xd2][0x1a]yZ[0x87][0x1e][0x9d][0xba][0x19]fHW[0xd5][0xd2][0xb4][0xbd]b[0x86][0xb4][0xdc][0x9f][0xc6][0x16]!z[0x19]4[0xb6][0x8]Q>[0xd0][0xd8]"D[0x1f][0x83][0xc6][0x16]![0xba][0x18][0xb4][0xb5][0x8]i[0xa5]:[0x8d]-[0xa2]S[0x7][0xc3][0xc][0xe9]~*[0x1a][0xfb][0x88]^%[0x3][0xd2][0xe9]B4[0xf6][0x11][0xa2]Ac[0x8b][0x10]%[0x3][0x8d][0x8b]o[0xa4][0xd5]:[0xb4][0xb6][0x89]^e[0x3][0xd2]u[[0xb4][0x8d]%[0xba][0xad][0xba]1C[[0x8d][0x8f][0xb1][0x11][0x1d]|[0xed]<b}[0xa5]1[0xa8]IC[0xcc][0xd6]63[0xb4][0xe5]<T4[0x18][0x91][0xf9]A[0xe9][0x8a][0x8a][0x6]#F[0x13][0x14][0xa8]h*"gc[0x9a][\n]"
19:42:02.181 [main] DEBUG org.apache.http.wire -  << "[0x12][0x9]([0xca]LNU[0xb2][0xc2][0x8]Y[0x0][0x0][0x0][0x0][0xff][0xff]"
19:42:02.182 [main] DEBUG org.apache.http.wire -  << "[\r][\n]"
19:42:02.183 [main] DEBUG org.apache.http.wire -  << "137[\r][\n]"
19:42:02.183 [main] DEBUG org.apache.http.wire -  << "[0xc2]u[0xbf][0x85][0x19][0xd2][0xb6]m[0x1a][0xa7]BD[0xbe][0x2][0x85][0xb4]B@[0xb0]9F[0xb8] [0x92][0x6][0x91]Ko[0xcd][0x90].![0xa1][0xad][0xf3][0x91][0xce]h[0xa2][0xb1]E[0x88][\n]"
19:42:02.191 [main] DEBUG org.apache.http.wire -  << "[0x96][0x6][0xcb][0x1e][0xcd][0x90][0x8e]c[0xa2][0xb1]?[0x10]9[0x8b][0xc6][0x16]!r[0x1a][0x8d]-Bd>[0x1a][D[0xb7]j[0x95]nK[0xd5][0xcc][0xb0]\tgh[0x88]Q[0x0][0x80]+[0x88][0x8c][0xc4]b[0x85][0xbc]|[0x85][0x9c][0xcc][0xdc][0xcc][0x12][0xd0][0xc1][0x81][0xd0]2[0x8d][0xe8][0x13]Q[0xcc][0xd0].c[0x8f][0x89][0x89]Q[0x8a][0x89][0x89])500N[0x85][0xd2][0xc9] 1[0x1a][0xd9][0x8e][0xb4][0x80][0x8d][0xb6][0xc9][0x4]m[0xfd][0x1a][0xc8]KP[0xef][0x91][0xef]Mb[0xcb]][0xa4][0xdb][0x4]A[0xa5]9}[0xed]F[0x94], [0xbb][0x15][0x2][0x82]1o[0xdb][0xa0]NBB[0xda]KF[0xe3][0xa8][0xa4]W[0xd1][0x82]t0[0x17][0x8d]}[0x84][0xe8][0xcb][0xd3]8[0x92][0x90][0xd6][0x83][0xd1][0xda]&D[0xd5]Lk[0x9b][0x10][0xb3][0xef][0xb4][0xb6][0x89]n[0x99][0x89]nW,[0x99]![0xad]=[0xa3]u[0xe8][0xd1][0xad][0xa6]6[0xa5]_~[0xc2]h[0xa8][0xd3][0xaa]xE:[[0x8e][0xc6][0xf1][0x84][0xb4][0xd0][0x8d][0xd6]6[0xd1][0xad][0x8c]0[0xa3][[0x19]aF[0xb7]2[0xc2][0xc][0xd1][0x96][0xa7]u<!j\Z[0xdb]D[0xb7]2[0x2]i[0x5]_@[0xb0][0x9]f[0xf3][0xb6][0xd8]D!)[0xb1][0x8]t[0xd2]7[0xb4]Iml@[0xf4][0x8][0xc]t[0xcd][0x1e][0x0][0x0][0x0][0xff][0xff]"
19:42:02.193 [main] DEBUG org.apache.http.wire -  << "[\r][\n]"
19:42:02.194 [main] DEBUG org.apache.http.wire -  << "1B1[\r][\n]"
19:42:02.196 [main] DEBUG org.apache.http.wire -  << "JU[0xb2]R[0xa2][0xbe][0xd9][0x88]Qr[0xaa][0x9b][0x8d][0xb4]2[0x8f][0xfa]f#[0xf2]:[0xf5][0xcd]F[0xe4]n[0xea][0x9b][0x8d][0xc8][0xcf][0xd4]7[0x1b][0x91][0x83][0xa9]o6"[0xcf]R[0xdf]lD.[0xa5][0xbe][0xd9][0x88][0xba][0x9b][0xfa]f#jk[0xea][0x9b][0x8d][0xc8][0x97]![0x89][0x19][0xa0]r[0x3]u[0xa7]<u:YHK[0xd6][0xb0][0xda][0x82][0x18][0x14]$~[0x4][0x0]iu[0x1a][0x1]3[0x89][0xed][0xf0]"-C[0xa3][0x96][0x89][0x88][0x9c][0x12][0x92][0x99][0x9b][0x84]y[0x10]si^Ii[0xb6]B^eir&"[0xc][0xf0][0x9f][0xc1][0xc];[0xb0][0x3][0xf9][0xba][0xa0][0x80][0xd4][0xa2][0xc4][0xa4][0xfc][0x92][0xc4]<[0x85][0xa0][0xd2][0xdc][0xc4][0xc][0x8c]j[0xc1]1'[0xb1]D!%1O[0xa1][0x0][0xae][0xb0][0x8][0xa4]P[0xa1]$1/==[0x11][0xe5]lN3[0xa4]3[0x1a]C[0x12]i[0x96]"[0x10]y[0x91][0x86][0x96] 2%[0x8d][0x1b][0x0][0x94].X#:[0x89]"[0xb2]+N[0x1f]![0x12][0x12][0xf1][0x99][0x89]nK[0xc6][0xcc][0x90][0x96][0x8c][0xd1].[0xe2][0x91]V[0x8b][0xd1][0xd0][0x12][0xa4][0xcc][0x8d]%[0x9f][0x90][0x15][\r][0x88][0xda][0xf][0x9b][0xbb][0x11]F[0x12][0x9b]^[0x90][0x16]~Q[0xc9]@D[0x96][0xc2]f u[0xaa][0xb][0xba]-[0xed]2CZ[0xda]E3[0xef][0x98][0x83][0x1a][0xe0][0xd0]v5[\r]-A4Tq[0x96][0xc]T[0x89][0x1d]s[0xa4][0x5]][0xa4]z[0xc7][0xd0][0x0][0x3][0x10]w[0xf0][0x92]9[0xd2][0x9d]kt[0xb4][0x14][0xe][0xc7][0x17][0x9c][0x14][0xf8][0x14][0xd1][0xda][0xa3]BD[0x1a][0xe2][0x9e][0x17]6[0xa7][0xdb]]b[0xe6]H[0xeb][0xd8][0x9c][0xf3][0x93][0x12][0x15]RJs0[0x1b][0x16][0x99]y[0x99][\n]"
19:42:02.197 [main] DEBUG org.apache.http.wire -  << "[0x19][0x89]y[0x95][0x89][0xa0]VJr~R"[0xa8][0xbd][0x92]_[0xc][0xba][0x89][0x1a][0xda][0x97]5[0xb5][0xb4][0x4]eXb[0x96][0x13][0x98]#[0xad][0x96][0xa2]B0[0xe2][0x99]^7GZ[0xc5]Dk[0x9b][0x10][0x9d]:Z[0xdb][0x84]H[0xf9][0xb4][0xb6][0x9]Q[0xe5][0xd1][0xda]&D[0x93][0x93][0xd6]6!*I[0x90]M[0x18][0xcd]q|[0x5][0x7][0xd1]m"
19:42:02.198 [main] DEBUG org.apache.http.wire -  << "[\r][\n]"
19:42:02.199 [main] DEBUG org.apache.http.wire -  << "59[\r][\n]"
19:42:02.201 [main] DEBUG org.apache.http.wire -  << "6sC[0xaa][0x16][0x14]xS8[0x11][0xad]N[0xea][0xf8][0x89]n[0xeb][0x98][0xcc][0x89]Z[0xc7]D[0xe9]4[0xb5]9[0xd2][0xa2]&[0xd0][0xd2][0x1d][0x1a][0xf4][0xad][0xcd][0xe9]v8[0x91]9[0xe8][0x94]rh;[0x6][0x94][0xac][0x15][0x2][0x82][0x13]1[0xa7][\r][0x10]mT[0xe2]S2[0xd2][0x2]%[0xa8][0xc1][0x98][0xe6]R)}[0xa1][0xe6]L[0xda][0xcd]+[0x9b][0xe3]>[0xc9][0x9][0x0][0x0][0x0][0xff][0xff]"
19:42:02.206 [main] DEBUG org.apache.http.wire -  << "[\r][\n]"
19:42:02.208 [main] DEBUG org.apache.http.wire -  << "348[\r][\n]"
19:42:02.212 [main] DEBUG org.apache.http.wire -  << "*[0xca],([0xc9][0xcc][0xcf]S[0xb2]R[0xa2][0x92][0x9f][0xe8][0x96];[0x91][0x16]HA[0xe3][0x89]F[0xcb];[0xcc]1[0xef][0xae][0xc3][0xb4][0x9][0x91][0xd2][0x88][0xec][\r][0x99]#-[0x8c][0x82][0xba][0x9f]V[0xe9][0x8c]n[0xa7][0xee][0x9a]#[0xdd][0xc5]Ik?[0xd1][0xad][0xa6][0xa6][0xdb]9^[0xe6]t[[0x1c]e[0x8e]eq[0x14][0x8d][0xda][0x5]hK[0xa3]hX[0xc6]!-[0x83][0xa2]q[0xda]C[[0x7]EK?!&eh[0xed]'[0xba][0xb5][0xe6][0x91][0xd6]8[0xd1][0xda]Ot+#[0x90]V9[0xd1][0xda]Otk3 ]pHk?[0xd1][0xad][0xcd]@[0xb7][0xa5][[0xe6]H[0x7][0xa6][0xd3]8[0xf4][0xe8]v[0x96][0x97][0xb9])[0xdd][0xca][0x8][0xba]-[0xdd]2[0xa7][0xdb][0xd2]-sS[0xba][0xf5][0xf8][0xe9][0xb6]t[0xcb][0x1c][0xe9]~PZ[0xa7]r[0xba][0x95][0x11]t[[0xba]e[0x8e]tH[0x19][0x8d]C[0x8f]nK[0xb7][0xcc][0x91][0x96]n[\r][0xad][0xb3][0xa2][0xcd][0xe9][0xb6][0x14][0xcc][0x1c][0xe9](7Z[0xc7];[0xdd]F[0xe5][0x90].[0x1c][0xa5][0xb1][0x9f][0xcc][0xe9][0xd6]&[0xa6][0xf4][0x1e][0xf][0xe2][0xc7][0x9c][0xe8]v[0x3][0xa9]9[0xd2][\r][0xa4][0xb4][0x8e]'[0xba][0xd5]w[0xe6]tk[0x13]#[0xdd][0x83]B[0xe3][0xd0]CZPD[0xd3]}[0x13][0xe6]H[0xeb][0x8c]hl[0x11]b[0x16][0x87][0xc6][0x16]![0xba]}4[0xb6][0x8][0x91][0xc2]il[0x11][0xdd][0x12]8[0xa5]K[0x87][0x88]/[0xf2][0x90][0xce][0xba]r[0xcd][0xcb]/[0xca][0xcd]/-V[0x8][0xc8]I,.[0xc9]LVp[0xce][0xcf]-(-I-[0xc2][0x18][0x93][0xf2][0xc9][0xcc]K[0xcd]C[0xc][0xb5]Z[0x98][0x80][0x8a]3[0xa2]f`[0xe9]v[0xe0][0x95]9[0xd2][0xea]%[0xdf][0xd4][0x94][0xcc][0xfc][0xe4][0xa2]T[0x85][0xf0][0xfc][0xfc][0x1c][0x5][0xf7][0x9c][0xfc][0xb2]T[0xd0][0xfe]B[0xd4][0x89][0x17]4?YZ[0x80][0x9a][0xef][0xc4][0xf9][0x89]n5![0xd2][0x12]&[0xcf][0xbc][0x92][0xd4][0x9c][0x9c][0xcc][0xf4][0xd4][0xbc][0x12][0x5][0xe8][0xe5][0xb1][\n]"
19:42:02.212 [main] DEBUG org.apache.http.wire -  << "[0xc1][0x19][0x99]E[0xa0][0x99]qT[0x8f][0x81]<[0x8d][0x88]+[0xe2][0x97]~[0x9b]["J[0x8a][0xe0][0xca][0xbc][0xd4][0xa2][0xf4]Lp[0xaa][0x8].IM[0xcd]Q[0xf0]H[0xc4][0xb4][0x9]-[0x8]M[0x8d]@-k[0xe2][0x82][0x10]QV[0xf8]%[0x16]g*[0xb8]$[0x96][0xe6])x[0xa5][0x16][0x95]fc[0xa4]=[0xb0]|yj^bv[0xb6]BIj^b[0x9e]BniQ.8[0x91]BW[0x4][0x18]Z[0x12][0xbd][0xbc][0xdd][0x1c]i-[0x14][0x8d]k[0x12][0xa4][0xcb][0xa2][0x82]J[0xc1][0x1][0xe9]T[0x94][0x9f]W[0x95][0x8a]#[0xd6][0x9c][0xf3][0xb][\n]"
19:42:02.213 [main] DEBUG org.apache.http.wire -  << "[0x90]=eab`A[0xe4][0xb2][0x18][0xa4][0x95]R[0xae]E[0xe9][0xf9]y[0xf9][0xb9][0x99][0xc9][\n]"
19:42:02.213 [main] DEBUG org.apache.http.wire -  << "[0xbe][0x89]EI9[0xa9][0xa0][0xac]][0x92][0x8a][0x11][0xa6][0xe0](E[0xa4][0x11]#p[0xb0][0x10][0x17]q[0x88][0xfe][0xa0]GjbY[0xa5][0x82]KiI[0xa5]BpfN6[0x91][0xf9][0xcc][0xc8][0x12][0xb4][0x95][0x9f][0x18][0xbb],[0x90][0x96]L9[0xa6][0x16][0xe5][0xa7]T[0xe6]%[0x82]|[0xe6][0x93][0x9a]X[0x92][0x91]Z[0xa4][0xe0][0x94][0x98][0x8e][0xe1][0xb1][0xb0][0xd4][0xbc][0xcc][0xc4]\[0x85][0xe2][0xc4][0xd4][0x82]T[0x85][0xd4][0xb2][0xd4][0xbc][0xcc][0xd4][0x12][0x85][0xcc][0xe2][0x92]T[0x85][0xcc][0xdc][0x82][0xd4][0x94][0xcc][0x12][0x85][0xd4][0x8a][0xe4][0xd4][0x82][0x92][0xd2][0xa2]L=$[0xff][0x1b][0x13][0x17][0xd2][0x16]H[0x7]f[0xc1][0xb]OpX*8[0xe7]c[0xc9][0x1f][0x9e]E[0xf9]H[0xa5][0xa6][0xa5]9[0xb1]%[0x8c][0x5][0xd2][0xea]*[0xda][0xa6]R[0xb][0xa4]%U[0xb4][0xb6][0x9][0xa9]t[0xc9][0xcf][0xab][0xa4][0xdd][0xe8][0xbd][0x5][0xd2]B#[0xa8][0x9f][0x8c]1[0x12][\n]"
19:42:02.214 [main] DEBUG org.apache.http.wire -  << "Uf]-[0x90][0xee][0xc7][0x86][0xda]D[0xa3][0xb9]D[0xb][0x3]DS[0x84][0xda][0xcb][0xff]-@[0x5][\r][0xea][0x94]>[0xcd]|[0x81](=[0xe0]u4[0xfc][0x9e][0xf4][0x80][0xc4]<[0xf0]1[0x0][0xa8][0xb5][0x99]s~I[0x9]r.[0xb2]0[0x2]-[0x14] [0xaa][0xfc][0xa0][0xdb][0xea]/[0xb][0xa4]k[0xe3][0x90][0xaf][0x80][0xf]H,H-R[0x8][0xce][0xc8][0xc7][0xd2][0xfc]@[0xf3][0x17][0x0][0x0][0x0][0xff][0xff]"
19:42:02.214 [main] DEBUG org.apache.http.wire -  << "[\r][\n]"
19:42:02.215 [main] DEBUG org.apache.http.wire -  << "93[\r][\n]"
19:42:02.215 [main] DEBUG org.apache.http.wire -  << "[0xb2]21[0xb1]0![0xb2][0x14]B[0xba]9[0x99][0xea]i[0x1]i[0x1d][0x1b][0xf5][0xcd]F[0x94][0x0][0xc8][0xe5][0xb9]cNinf^i[0xae][0x82]s"f[0xcb]3[0xa8]4)[0x9][0xb9]Z46[0x5][0xf5][0xd9][0x89][0x8b]~D[0x1b][0x3][0x9a]9iU[0xc][0x18]":$P[0x9b]0[0x8f][0xbc][0xa1]N[0x81][0x83]|<VnbN[0x8e][0x2]$|[0xb0][0xb6][0xce][0xd0]S[0x98][0xb9][0x19][0xa8][0x97]A\[0xd0]![0xc6][0xaf][0x2][0x8a][0x12][0x93]K2[0x93][0x13]s [0x95][0xbc]w^f[0x1a]f{[0x2][0xb5][0xa2]3[0xb1][0x4]]{C[0x9c]E[0x88][0x2][0x1][0x1a]r[0xd4]-zbk[0xb9][0x0][0x0][0x0][0x0][0xff][0xff]"
19:42:02.216 [main] DEBUG org.apache.http.wire -  << "[\r][\n]"
19:42:02.217 [main] DEBUG org.apache.http.wire -  << "A[\r][\n]"
19:42:02.217 [main] DEBUG org.apache.http.wire -  << "[0x3][0x0][0xfb][0xfb][0x16]Z[0xf][0xc9][0x1][0x0]"
19:42:02.217 [main] DEBUG org.apache.http.wire -  << "[\r][\n]"
19:42:02.218 [main] DEBUG org.apache.http.wire -  << "0[\r][\n]"
19:42:02.222 [main] DEBUG org.apache.http.wire -  << "[\r][\n]"
19:42:02.223 [main] DEBUG io.restassured.internal.RestAssuredHttpBuilder - Parsed data to instance of: class org.apache.http.conn.EofSensorInputStream
19:42:02.257 [main] DEBUG org.apache.http.impl.conn.BasicClientConnectionManager - Releasing connection org.apache.http.impl.conn.ManagedClientConnectionImpl@4ba402b5
19:42:02.257 [main] DEBUG org.apache.http.impl.conn.BasicClientConnectionManager - Connection can be kept alive indefinitely
19:42:02.489 [main] DEBUG net.thucydides.core.steps.StepInterceptor - STEP DONE: I receive valid login and product HTTP response code 200
  &amp#27;[32mThen &amp#27;[0m&amp#27;[32mI receive valid login and product HTTP response code 200&amp#27;[0m &amp#27;[90m# starter.stepdefinitions.UserSteps.iReceive1ValidLoginAndProductHTTPResponseCode()&amp#27;[0m
19:42:02.498 [main] DEBUG net.thucydides.core.steps.StepInterceptor - STARTING STEP: UserSteps.iReceiveValidDataForNewProduct - I receive valid data for new product
19:42:02.499 [main] DEBUG net.thucydides.core.steps.StepInterceptor - STEP DONE: I receive valid data for new product
  &amp#27;[32mAnd &amp#27;[0m&amp#27;[32mI receive valid data for new product&amp#27;[0m                      &amp#27;[90m# starter.stepdefinitions.UserSteps.iReceiveValidDataForNewProduct()&amp#27;[0m
19:42:02.508 [main] INFO  - 
  _____   ___   ___   _____     ___     _     ___   ___   ___   ___  
 |_   _| | __| / __| |_   _|   | _ \   /_\   / __| / __| | __| |   \ 
   | |   | _|  \__ \   | |     |  _/  / _ \  \__ \ \__ \ | _|  | |) |
   |_|   |___| |___/   |_|     |_|   /_/ \_\ |___/ |___/ |___| |___/ 

POST - As admin I have be able to create new product
----------------------------------------------------------------------
]]></system-out>
  </testcase>
</testsuite>